[16-04-2023 20:29:16.345] [INFO] Old Log file found! "C:\Users\Borka Patrik\curseforge\minecraft\Instances\Factory-in-The-Skies\.\Cat-Downloader.log" file replaced with empty one.
[16-04-2023 20:29:16.357] [INFO] Logger Initialization completed.
[16-04-2023 20:29:16.357] [INFO] Cat Downloader version: 1.1
[16-04-2023 20:29:16.357] [INFO] Running with arguments:
[16-04-2023 20:29:16.358] [INFO] ---------------------------------------------------------------------
[16-04-2023 20:29:16.358] [INFO] Program Configuration from Arguments:
[16-04-2023 20:29:16.359] [INFO] · Working directory: 
[16-04-2023 20:29:16.624] [INFO] - Full Path: C:\Users\Borka Patrik\curseforge\minecraft\Instances\Factory-in-The-Skies
[16-04-2023 20:29:16.624] [INFO] · Program Mode: instance
[16-04-2023 20:29:16.625] [INFO] · Thread count for downloads: 16
[16-04-2023 20:29:16.625] [INFO] · Download attempts for re-downloads: 5
[16-04-2023 20:29:16.626] [INFO] · Settings enabled: true
[16-04-2023 20:29:16.626] [INFO] · Default Settings from the template: true
[16-04-2023 20:29:16.627] [INFO] · Settings Path: 
[16-04-2023 20:29:16.627] [INFO] - Full Path: C:\Users\Borka Patrik\curseforge\minecraft\Instances\Factory-in-The-Skies
[16-04-2023 20:29:16.628] [INFO] · Hash Verification: true
[16-04-2023 20:29:16.628] [INFO] · File Size Verification: true
[16-04-2023 20:29:16.628] [INFO] ---------------------------------------------------------------------
[16-04-2023 20:29:16.667] [INFO] Settings initialization started.
[16-04-2023 20:29:16.669] [INFO] Found settings file!
[16-04-2023 20:29:16.669] [INFO] - Path to settings file: C:\Users\Borka Patrik\curseforge\minecraft\Instances\Factory-in-The-Skies\Cat-Downloader-Legacy Settings.json5
[16-04-2023 20:29:16.670] [INFO] Parsing data from settings file...
[16-04-2023 20:29:16.687] [INFO] Parsing of Settings was successful!
[16-04-2023 20:29:16.687] [INFO] Validating settings...
[16-04-2023 20:29:16.689] [INFO] Loading Settings data to Argument Decoder...
[16-04-2023 20:29:16.689] [INFO] ---------------------------------------------------------------------
[16-04-2023 20:29:16.690] [INFO] Program Configuration from Settings:
[16-04-2023 20:29:16.690] [INFO] · Working directory: 
[16-04-2023 20:29:16.690] [INFO] - Full Path: C:\Users\Borka Patrik\curseforge\minecraft\Instances\Factory-in-The-Skies
[16-04-2023 20:29:16.691] [INFO] · Program Mode: instance
[16-04-2023 20:29:16.691] [INFO] · Thread count for downloads: 16
[16-04-2023 20:29:16.691] [INFO] · Download attempts for re-downloads: 5
[16-04-2023 20:29:16.691] [INFO] · Settings enabled: true
[16-04-2023 20:29:16.692] [INFO] · Default Settings from the template: true
[16-04-2023 20:29:16.692] [INFO] · Settings Path: 
[16-04-2023 20:29:16.692] [INFO] - Full Path: C:\Users\Borka Patrik\curseforge\minecraft\Instances\Factory-in-The-Skies
[16-04-2023 20:29:16.692] [INFO] · Hash Verification: false
[16-04-2023 20:29:16.693] [INFO] · File Size Verification: true
[16-04-2023 20:29:16.693] [INFO] ---------------------------------------------------------------------
[16-04-2023 20:29:16.693] [INFO] Loading data to ARD finished!
[16-04-2023 20:29:16.693] [INFO] Initialization of Settings finished.
[16-04-2023 20:29:16.694] [INFO] Reading data from Manifest file...
[16-04-2023 20:29:16.739] [INFO] Translating MinecraftInstance into Manifest compatible object...
[16-04-2023 20:29:16.746] [INFO] Translation successful
[16-04-2023 20:29:16.756] [INFO] Data fetched. Found 121 Mods, on version 1.19.2 fabric-0.14.19-1.19.2
[16-04-2023 20:29:16.757] [INFO] Instance name: Factory In the Clouds
[16-04-2023 20:29:16.759] [INFO] Mod Loader: fabric-0.14.19-1.19.2
[16-04-2023 20:29:16.762] [INFO] Found "mods" folder in working directory. Path: C:\Users\Borka Patrik\curseforge\minecraft\Instances\Factory-in-The-Skies\mods
[16-04-2023 20:29:16.764] [INFO] Starting new instance of FileManager!
[16-04-2023 20:29:16.767] [INFO] Started syncing process.
[16-04-2023 20:29:16.768] [INFO] Checking for already existing files, and getting download queue ready...
[16-04-2023 20:29:17.642] [INFO] Found mod iris-flywheel-compat-1.19.2-0.1.9-BETA.jar on the drive! Added to Verification queue.
[16-04-2023 20:29:17.647] [INFO] Found mod PuzzlesLib-v4.3.12-1.19.2-Fabric.jar on the drive! Added to Verification queue.
[16-04-2023 20:29:17.716] [INFO] Found mod Croptopia-1.19.2-FABRIC-2.2.2.jar on the drive! Added to Verification queue.
[16-04-2023 20:29:17.721] [INFO] Found mod starlight-1.1.1+fabric.ae22326.jar on the drive! Added to Verification queue.
[16-04-2023 20:29:17.754] [INFO] Found mod 3dskinlayers-fabric-1.5.2-mc1.19.1.jar on the drive! Added to Verification queue.
[16-04-2023 20:29:17.787] [INFO] Found mod connectivity-fabric-1.19.2-3.8.jar on the drive! Added to Verification queue.
[16-04-2023 20:29:17.788] [INFO] Found mod advdebug-2.3.0.jar on the drive! Added to Verification queue.
[16-04-2023 20:29:17.789] [INFO] Found mod createaddition-fabric+1.19.2-20230211a.jar on the drive! Added to Verification queue.
[16-04-2023 20:29:17.789] [INFO] Found mod indium-1.0.9+mc1.19.2.jar on the drive! Added to Verification queue.
[16-04-2023 20:29:17.809] [INFO] Found mod ftbbackups2-fabric-1.19.2-1.0.18.jar on the drive! Added to Verification queue.
[16-04-2023 20:29:17.810] [INFO] Found mod Pehkui-3.7.3+1.14.4-1.20.jar on the drive! Added to Verification queue.
[16-04-2023 20:29:17.835] [INFO] Found mod Runelic-Fabric-1.19.2-14.1.4.jar on the drive! Added to Verification queue.
[16-04-2023 20:29:17.836] [INFO] Found mod creeperoverhaul-2.0.9-fabric.jar on the drive! Added to Verification queue.
[16-04-2023 20:29:17.839] [INFO] Found mod avaritia-0.0.4-1.19.X.jar on the drive! Added to Verification queue.
[16-04-2023 20:29:17.841] [INFO] Found mod megacells-fabric-1.5.3-1.19.2.jar on the drive! Added to Verification queue.
[16-04-2023 20:29:17.843] [INFO] Found mod Patchouli-1.19.2-77-FABRIC.jar on the drive! Added to Verification queue.
[16-04-2023 20:29:17.853] [INFO] Found mod icarus-1.14.jar on the drive! Added to Verification queue.
[16-04-2023 20:29:17.853] [INFO] Found mod bclib-2.1.6.jar on the drive! Added to Verification queue.
[16-04-2023 20:29:17.857] [INFO] Found mod MouseTweaks-fabric-mc1.19-2.22.jar on the drive! Added to Verification queue.
[16-04-2023 20:29:17.858] [INFO] Found mod sodium-fabric-mc1.19.2-0.4.4+build.18.jar on the drive! Added to Verification queue.
[16-04-2023 20:29:17.858] [INFO] Found mod NoChatReports-FABRIC-1.19.2-v1.13.12.jar on the drive! Added to Verification queue.
[16-04-2023 20:29:17.860] [INFO] Found mod fabric-api-0.76.0+1.19.2.jar on the drive! Added to Verification queue.
[16-04-2023 20:29:17.861] [INFO] Found mod cloth-config-8.2.88-fabric.jar on the drive! Added to Verification queue.
[16-04-2023 20:29:17.861] [INFO] Found mod iris-mc1.19.2-1.6.0.jar on the drive! Added to Verification queue.
[16-04-2023 20:29:17.862] [INFO] Found mod Prism-1.19.2-fabric-1.0.3.jar on the drive! Added to Verification queue.
[16-04-2023 20:29:17.863] [INFO] Found mod AE2WTLib-12.8.5.jar on the drive! Added to Verification queue.
[16-04-2023 20:29:17.864] [INFO] Found mod kubejs_botania-1.0.4-fix2-fabric.jar on the drive! Added to Verification queue.
[16-04-2023 20:29:17.865] [INFO] Found mod LegendaryTooltips-1.19.2-fabric-1.3.3.jar on the drive! Added to Verification queue.
[16-04-2023 20:29:17.865] [INFO] Found mod MagnumTorch-v4.2.1-1.19.2-Fabric.jar on the drive! Added to Verification queue.
[16-04-2023 20:29:17.866] [INFO] Found mod youre-in-grave-danger-1.4.8.jar on the drive! Added to Verification queue.
[16-04-2023 20:29:17.867] [INFO] Found mod light-overlay-7.0.0.jar on the drive! Added to Verification queue.
[16-04-2023 20:29:17.867] [INFO] Found mod gardenofglass-1.11.jar on the drive! Added to Verification queue.
[16-04-2023 20:29:17.867] [INFO] Found mod PigPen-Fabric-1.19.2-11.1.2.jar on the drive! Added to Verification queue.
[16-04-2023 20:29:17.868] [INFO] Found mod Emojiful-Fabric-1.19.2-4.0.4.jar on the drive! Added to Verification queue.
[16-04-2023 20:29:17.870] [INFO] Found mod AttributeFix-Fabric-1.19.2-17.2.6.jar on the drive! Added to Verification queue.
[16-04-2023 20:29:17.870] [INFO] Found mod konkrete_fabric_1.6.0_MC_1.19.1-1.19.2.jar on the drive! Added to Verification queue.
[16-04-2023 20:29:17.871] [INFO] Found mod ftb-library-fabric-1902.3.17-build.200.jar on the drive! Added to Verification queue.
[16-04-2023 20:29:17.871] [INFO] Found mod cullleaves-fabric-3.0.1.jar on the drive! Added to Verification queue.
[16-04-2023 20:29:17.872] [INFO] Found mod language-reload-1.5.6+1.19.2.jar on the drive! Added to Verification queue.
[16-04-2023 20:29:17.873] [INFO] Found mod satin-1.9.0.jar on the drive! Added to Verification queue.
[16-04-2023 20:29:17.873] [INFO] Found mod effective-1.4.jar on the drive! Added to Verification queue.
[16-04-2023 20:29:17.873] [INFO] Found mod spark-1.10.34-fabric.jar on the drive! Added to Verification queue.
[16-04-2023 20:29:17.874] [INFO] Found mod ftb-teams-fabric-1902.2.13-build.100.jar on the drive! Added to Verification queue.
[16-04-2023 20:29:17.874] [INFO] Found mod ferritecore-5.0.3-fabric.jar on the drive! Added to Verification queue.
[16-04-2023 20:29:17.874] [INFO] Found mod YetAnotherConfigLib-2.2.0-for-1.19.2.jar on the drive! Added to Verification queue.
[16-04-2023 20:29:17.875] [INFO] Found mod jamlib-0.6.0+1.19.jar on the drive! Added to Verification queue.
[16-04-2023 20:29:17.878] [INFO] Found mod dashloader-4.1.3+1.19.jar on the drive! Added to Verification queue.
[16-04-2023 20:29:17.879] [INFO] Found mod inmis-2.7.1-1.19.jar on the drive! Added to Verification queue.
[16-04-2023 20:29:17.879] [INFO] Found mod fabric-language-kotlin-1.9.3+kotlin.1.8.20.jar on the drive! Added to Verification queue.
[16-04-2023 20:29:17.880] [INFO] Found mod luggage-1.19-1.5.2.jar on the drive! Added to Verification queue.
[16-04-2023 20:29:17.880] [INFO] Found mod BetterAdvancements-Fabric-1.19.2-0.2.2.142.jar on the drive! Added to Verification queue.
[16-04-2023 20:29:17.881] [INFO] Found mod dragonfight-fabric-1.19.2-2.7.jar on the drive! Added to Verification queue.
[16-04-2023 20:29:17.881] [INFO] Found mod voidtotem-fabric-1.19.2-2.1.0.jar on the drive! Added to Verification queue.
[16-04-2023 20:29:17.882] [INFO] Found mod CreativeCore_FABRIC_v2.9.3_mc1.19.2.jar on the drive! Added to Verification queue.
[16-04-2023 20:29:17.882] [INFO] Found mod Enhanced_Celestials-fabric-1.19.2-2.1.0.5.jar on the drive! Added to Verification queue.
[16-04-2023 20:29:17.883] [INFO] Found mod BetterCompatibilityChecker-Fabric-2.0.2-build.16+mc1.19.1.jar on the drive! Added to Verification queue.
[16-04-2023 20:29:17.884] [INFO] Found mod ftb-chunks-fabric-1902.3.20-build.257.jar on the drive! Added to Verification queue.
[16-04-2023 20:29:17.884] [INFO] Found mod ExtendedDrawers-1.3.9+mc.1.19.2.jar on the drive! Added to Verification queue.
[16-04-2023 20:29:17.885] [INFO] Found mod ItemPhysic_FABRIC_v1.6.6_mc1.19.2.jar on the drive! Added to Verification queue.
[16-04-2023 20:29:17.886] [INFO] Found mod CorgiLib-fabric-1.19.2-1.0.0.32.jar on the drive! Added to Verification queue.
[16-04-2023 20:29:17.886] [INFO] Found mod Controlling-fabric-1.19.2-10.0+7.jar on the drive! Added to Verification queue.
[16-04-2023 20:29:17.886] [INFO] Found mod resourcefulconfig-fabric-1.19.2-1.0.20.jar on the drive! Added to Verification queue.
[16-04-2023 20:29:17.887] [INFO] Found mod yosbr-0.1.1.jar on the drive! Added to Verification queue.
[16-04-2023 20:29:17.887] [INFO] Found mod culinaryconstruct-fabric-5.0.0+1.19.2.jar on the drive! Added to Verification queue.
[16-04-2023 20:29:17.887] [INFO] Found mod BetterThirdPerson-Fabric-1.19-1.9.0.jar on the drive! Added to Verification queue.
[16-04-2023 20:29:17.888] [INFO] Found mod midnightlib-fabric-1.0.0.jar on the drive! Added to Verification queue.
[16-04-2023 20:29:17.889] [INFO] Found mod chat_heads-0.10.9-fabric-1.19.2.jar on the drive! Added to Verification queue.
[16-04-2023 20:29:17.889] [INFO] Found mod Powah-4.0.8.jar on the drive! Added to Verification queue.
[16-04-2023 20:29:17.890] [INFO] Found mod comforts-fabric-6.0.4+1.19.2.jar on the drive! Added to Verification queue.
[16-04-2023 20:29:17.890] [INFO] Found mod trinkets-3.4.2.jar on the drive! Added to Verification queue.
[16-04-2023 20:29:17.891] [INFO] Found mod CraftPresence-2.0.0-rc.2+1.19.2.jar on the drive! Added to Verification queue.
[16-04-2023 20:29:17.891] [INFO] Found mod EnchantmentDescriptions-Fabric-1.19.2-13.0.14.jar on the drive! Added to Verification queue.
[16-04-2023 20:29:17.898] [INFO] Found mod appleskin-fabric-mc1.19-2.4.1.jar on the drive! Added to Verification queue.
[16-04-2023 20:29:17.898] [INFO] Found mod theoneprobe-fabric-1.19-6.2.2.jar on the drive! Added to Verification queue.
[16-04-2023 20:29:17.899] [INFO] Found mod geckolib-fabric-1.19-3.1.40.jar on the drive! Added to Verification queue.
[16-04-2023 20:29:17.899] [INFO] Found mod eating-animation-1.9.1.jar on the drive! Added to Verification queue.
[16-04-2023 20:29:17.900] [INFO] Found mod architectury-6.5.77-fabric.jar on the drive! Added to Verification queue.
[16-04-2023 20:29:17.900] [INFO] Found mod ftb-quests-fabric-1902.4.11-build.207.jar on the drive! Added to Verification queue.
[16-04-2023 20:29:17.900] [INFO] Found mod cleancut-1.19.2-5.1-fabric.jar on the drive! Added to Verification queue.
[16-04-2023 20:29:17.900] [INFO] Found mod polylib-fabric-1900.0.2-build.73.jar on the drive! Added to Verification queue.
[16-04-2023 20:29:17.901] [INFO] Found mod oculus-1.5.2.jar on the drive! Added to Verification queue.
[16-04-2023 20:29:17.901] [INFO] Found mod rhino-fabric-1902.2.2-build.268.jar on the drive! Added to Verification queue.
[16-04-2023 20:29:17.901] [INFO] Found mod merequester-1.19.2-1.1.1.jar on the drive! Added to Verification queue.
[16-04-2023 20:29:17.902] [INFO] Found mod fabric-experiencebugfix-1.19-19.jar on the drive! Added to Verification queue.
[16-04-2023 20:29:17.902] [INFO] Found mod ironchests-3.1.1-fabric.jar on the drive! Added to Verification queue.
[16-04-2023 20:29:17.902] [INFO] Found mod lazydfu-0.1.3.jar on the drive! Added to Verification queue.
[16-04-2023 20:29:17.902] [INFO] Found mod continuity-2.0.2+1.19.jar on the drive! Added to Verification queue.
[16-04-2023 20:29:17.903] [INFO] Found mod modmenu-4.1.2.jar on the drive! Added to Verification queue.
[16-04-2023 20:29:17.903] [INFO] Found mod Clumps-fabric-1.19.2-9.0.0+14.jar on the drive! Added to Verification queue.
[16-04-2023 20:29:17.904] [INFO] Found mod item-filters-fabric-1902.2.9-build.46.jar on the drive! Added to Verification queue.
[16-04-2023 20:29:17.905] [INFO] Found mod charmofundying-fabric-6.1.1+1.19.2.jar on the drive! Added to Verification queue.
[16-04-2023 20:29:17.905] [INFO] Found mod extended-armor-bars-1.2.1.jar on the drive! Added to Verification queue.
[16-04-2023 20:29:17.905] [INFO] Found mod right-click-harvest-3.1.0+1.19-1.19.2.jar on the drive! Added to Verification queue.
[16-04-2023 20:29:17.939] [INFO] Found mod botarium-fabric-1.19.2-1.8.2.jar on the drive! Added to Verification queue.
[16-04-2023 20:29:17.940] [INFO] Found mod lithium-fabric-mc1.19.2-0.11.1.jar on the drive! Added to Verification queue.
[16-04-2023 20:29:17.940] [INFO] Found mod bwncr-fabric-1.19.2-3.14.1.jar on the drive! Added to Verification queue.
[16-04-2023 20:29:17.940] [INFO] Found mod FpsReducer2-fabric-1.19.2-2.1.jar on the drive! Added to Verification queue.
[16-04-2023 20:29:17.941] [INFO] Found mod extraorigins-1.19-2.jar on the drive! Added to Verification queue.
[16-04-2023 20:29:17.941] [INFO] Found mod spiceoffabric-1.6.0-beta.4+1.19.2.jar on the drive! Added to Verification queue.
[16-04-2023 20:29:17.941] [INFO] Found mod Decorative Blocks-fabric-1.19.2-3.0.0.jar on the drive! Added to Verification queue.
[16-04-2023 20:29:17.942] [INFO] Found mod Iceberg-1.19.1-fabric-1.0.46.jar on the drive! Added to Verification queue.
[16-04-2023 20:29:17.942] [INFO] Found mod Applied-Botanics-1.4.2.jar on the drive! Added to Verification queue.
[16-04-2023 20:29:17.942] [INFO] Found mod DarkUtilities-Fabric-1.19.2-13.1.7.jar on the drive! Added to Verification queue.
[16-04-2023 20:29:17.943] [INFO] Found mod VisualWorkbench-v4.2.4-1.19.2-Fabric.jar on the drive! Added to Verification queue.
[16-04-2023 20:29:17.943] [INFO] Found mod Zoomify-2.9.0.jar on the drive! Added to Verification queue.
[16-04-2023 20:29:17.945] [INFO] ldlib-fabric-1.19.2-1.0.4.e.jar not found! Added to download queue.
[16-04-2023 20:29:17.946] [INFO] Found mod scannable-MC1.19.2-fabric-1.7.7+dc5ea09.jar on the drive! Added to Verification queue.
[16-04-2023 20:29:17.947] [INFO] Found mod squatgrow-3.0.0-build.33+mc1.19.2.jar on the drive! Added to Verification queue.
[16-04-2023 20:29:17.947] [INFO] Found mod Bookshelf-Fabric-1.19.2-16.2.18.jar on the drive! Added to Verification queue.
[16-04-2023 20:29:17.947] [INFO] Found mod fabric-seasons-1.4-BETA+1.19.jar on the drive! Added to Verification queue.
[16-04-2023 20:29:17.948] [INFO] Found mod entity_texture_features_fabric_1.19.2-4.3.3.jar on the drive! Added to Verification queue.
[16-04-2023 20:29:17.948] [INFO] Found mod memoryleakfix-fabric-1.17+-1.0.0.jar on the drive! Added to Verification queue.
[16-04-2023 20:29:17.948] [INFO] Found mod lootr-1.19-0.4.25.64.jar on the drive! Added to Verification queue.
[16-04-2023 20:29:17.949] [INFO] Found mod elytraslot-fabric-6.1.0+1.19.2.jar on the drive! Added to Verification queue.
[16-04-2023 20:29:17.949] [INFO] Found mod resourcefullib-fabric-1.19.2-1.1.24.jar on the drive! Added to Verification queue.
[16-04-2023 20:29:17.949] [INFO] Found mod kubejs-create-fabric-1902.1.1-build.35.jar on the drive! Added to Verification queue.
[16-04-2023 20:29:17.949] [INFO] Found mod ForgeConfigAPIPort-v4.2.11-1.19.2-Fabric.jar on the drive! Added to Verification queue.
[16-04-2023 20:29:17.950] [INFO] Found mod kubejs-fabric-1902.6.0-build.142.jar on the drive! Added to Verification queue.
[16-04-2023 20:29:17.950] [INFO] Found mod lambdynamiclights-2.2.0+1.19.2.jar on the drive! Added to Verification queue.
[16-04-2023 20:29:17.951] [INFO] Found mod entityculling-fabric-1.6.1-mc1.19.2.jar on the drive! Added to Verification queue.
[16-04-2023 20:29:17.951] [INFO] Found mod ctm-refabricated-1.0.1+1.19.jar on the drive! Added to Verification queue.
[16-04-2023 20:29:17.952] [INFO] Found 121 mods, Verifying installation...
[16-04-2023 20:29:17.955] [INFO] Verifying PuzzlesLib-v4.3.12-1.19.2-Fabric.jar ...
[16-04-2023 20:29:17.955] [INFO] Verifying iris-flywheel-compat-1.19.2-0.1.9-BETA.jar ...
[16-04-2023 20:29:17.955] [INFO] Verifying starlight-1.1.1+fabric.ae22326.jar ...
[16-04-2023 20:29:17.955] [INFO] Verifying Croptopia-1.19.2-FABRIC-2.2.2.jar ...
[16-04-2023 20:29:17.955] [INFO] Verifying connectivity-fabric-1.19.2-3.8.jar ...
[16-04-2023 20:29:17.955] [INFO] Verifying advdebug-2.3.0.jar ...
[16-04-2023 20:29:17.955] [INFO] Verifying 3dskinlayers-fabric-1.5.2-mc1.19.1.jar ...
[16-04-2023 20:29:17.955] [INFO] Verifying createaddition-fabric+1.19.2-20230211a.jar ...
[16-04-2023 20:29:17.956] [INFO] Verifying Pehkui-3.7.3+1.14.4-1.20.jar ...
[16-04-2023 20:29:17.956] [INFO] Verifying indium-1.0.9+mc1.19.2.jar ...
[16-04-2023 20:29:17.956] [INFO] Verifying creeperoverhaul-2.0.9-fabric.jar ...
[16-04-2023 20:29:17.956] [INFO] Verifying avaritia-0.0.4-1.19.X.jar ...
[16-04-2023 20:29:17.956] [INFO] Verifying Runelic-Fabric-1.19.2-14.1.4.jar ...
[16-04-2023 20:29:17.956] [INFO] Verifying ftbbackups2-fabric-1.19.2-1.0.18.jar ...
[16-04-2023 20:29:17.956] [INFO] Verifying megacells-fabric-1.5.3-1.19.2.jar ...
[16-04-2023 20:29:17.956] [INFO] Verifying Patchouli-1.19.2-77-FABRIC.jar ...
[16-04-2023 20:29:17.957] [INFO] Verification of iris-flywheel-compat-1.19.2-0.1.9-BETA.jar was successful!
[16-04-2023 20:29:17.957] [INFO] Verification of advdebug-2.3.0.jar was successful!
[16-04-2023 20:29:17.957] [INFO] Verification of connectivity-fabric-1.19.2-3.8.jar was successful!
[16-04-2023 20:29:17.957] [INFO] Verification of createaddition-fabric+1.19.2-20230211a.jar was successful!
[16-04-2023 20:29:17.957] [INFO] Verification of PuzzlesLib-v4.3.12-1.19.2-Fabric.jar was successful!
[16-04-2023 20:29:17.957] [INFO] Verification of Croptopia-1.19.2-FABRIC-2.2.2.jar was successful!
[16-04-2023 20:29:17.957] [INFO] Verification of Pehkui-3.7.3+1.14.4-1.20.jar was successful!
[16-04-2023 20:29:17.957] [INFO] Verification of 3dskinlayers-fabric-1.5.2-mc1.19.1.jar was successful!
[16-04-2023 20:29:17.958] [INFO] Verification of megacells-fabric-1.5.3-1.19.2.jar was successful!
[16-04-2023 20:29:17.958] [INFO] Verifying bclib-2.1.6.jar ...
[16-04-2023 20:29:17.958] [INFO] Verifying icarus-1.14.jar ...
[16-04-2023 20:29:17.958] [INFO] Verifying MouseTweaks-fabric-mc1.19-2.22.jar ...
[16-04-2023 20:29:17.958] [INFO] Verification of indium-1.0.9+mc1.19.2.jar was successful!
[16-04-2023 20:29:17.958] [INFO] Verifying sodium-fabric-mc1.19.2-0.4.4+build.18.jar ...
[16-04-2023 20:29:17.958] [INFO] Verifying iris-mc1.19.2-1.6.0.jar ...
[16-04-2023 20:29:17.958] [INFO] Verifying cloth-config-8.2.88-fabric.jar ...
[16-04-2023 20:29:17.958] [INFO] Verifying NoChatReports-FABRIC-1.19.2-v1.13.12.jar ...
[16-04-2023 20:29:17.958] [INFO] Verifying AE2WTLib-12.8.5.jar ...
[16-04-2023 20:29:17.958] [INFO] Verification of bclib-2.1.6.jar was successful!
[16-04-2023 20:29:17.958] [INFO] Verification of icarus-1.14.jar was successful!
[16-04-2023 20:29:17.959] [INFO] Verifying kubejs_botania-1.0.4-fix2-fabric.jar ...
[16-04-2023 20:29:17.959] [INFO] Verification of MouseTweaks-fabric-mc1.19-2.22.jar was successful!
[16-04-2023 20:29:17.959] [INFO] Verification of Runelic-Fabric-1.19.2-14.1.4.jar was successful!
[16-04-2023 20:29:17.959] [INFO] Verification of iris-mc1.19.2-1.6.0.jar was successful!
[16-04-2023 20:29:17.959] [INFO] Verifying LegendaryTooltips-1.19.2-fabric-1.3.3.jar ...
[16-04-2023 20:29:17.959] [INFO] Verifying youre-in-grave-danger-1.4.8.jar ...
[16-04-2023 20:29:17.959] [INFO] Verifying MagnumTorch-v4.2.1-1.19.2-Fabric.jar ...
[16-04-2023 20:29:17.959] [INFO] Verification of NoChatReports-FABRIC-1.19.2-v1.13.12.jar was successful!
[16-04-2023 20:29:17.959] [INFO] Verifying light-overlay-7.0.0.jar ...
[16-04-2023 20:29:17.959] [INFO] Verifying Prism-1.19.2-fabric-1.0.3.jar ...
[16-04-2023 20:29:17.960] [INFO] Verification of youre-in-grave-danger-1.4.8.jar was successful!
[16-04-2023 20:29:17.959] [INFO] Verification of LegendaryTooltips-1.19.2-fabric-1.3.3.jar was successful!
[16-04-2023 20:29:17.960] [INFO] Verifying fabric-api-0.76.0+1.19.2.jar ...
[16-04-2023 20:29:17.959] [INFO] Verification of kubejs_botania-1.0.4-fix2-fabric.jar was successful!
[16-04-2023 20:29:17.959] [INFO] Verification of creeperoverhaul-2.0.9-fabric.jar was successful!
[16-04-2023 20:29:17.960] [INFO] Verification of MagnumTorch-v4.2.1-1.19.2-Fabric.jar was successful!
[16-04-2023 20:29:17.960] [INFO] Verifying gardenofglass-1.11.jar ...
[16-04-2023 20:29:17.958] [INFO] Verification of starlight-1.1.1+fabric.ae22326.jar was successful!
[16-04-2023 20:29:17.960] [INFO] Verification of AE2WTLib-12.8.5.jar was successful!
[16-04-2023 20:29:17.960] [INFO] Verifying AttributeFix-Fabric-1.19.2-17.2.6.jar ...
[16-04-2023 20:29:17.960] [INFO] Verifying konkrete_fabric_1.6.0_MC_1.19.1-1.19.2.jar ...
[16-04-2023 20:29:17.960] [INFO] Verifying Emojiful-Fabric-1.19.2-4.0.4.jar ...
[16-04-2023 20:29:17.960] [INFO] Verifying PigPen-Fabric-1.19.2-11.1.2.jar ...
[16-04-2023 20:29:17.960] [INFO] Verification of light-overlay-7.0.0.jar was successful!
[16-04-2023 20:29:17.961] [INFO] Verifying cullleaves-fabric-3.0.1.jar ...
[16-04-2023 20:29:17.961] [INFO] Verifying language-reload-1.5.6+1.19.2.jar ...
[16-04-2023 20:29:17.961] [INFO] Verifying ftb-library-fabric-1902.3.17-build.200.jar ...
[16-04-2023 20:29:17.961] [INFO] Verification of Prism-1.19.2-fabric-1.0.3.jar was successful!
[16-04-2023 20:29:17.961] [INFO] Verification of ftbbackups2-fabric-1.19.2-1.0.18.jar was successful!
[16-04-2023 20:29:17.960] [INFO] Verification of avaritia-0.0.4-1.19.X.jar was successful!
[16-04-2023 20:29:17.961] [INFO] Verification of gardenofglass-1.11.jar was successful!
[16-04-2023 20:29:17.961] [INFO] Verifying satin-1.9.0.jar ...
[16-04-2023 20:29:17.961] [INFO] Verification of konkrete_fabric_1.6.0_MC_1.19.1-1.19.2.jar was successful!
[16-04-2023 20:29:17.961] [INFO] Verification of Patchouli-1.19.2-77-FABRIC.jar was successful!
[16-04-2023 20:29:17.961] [INFO] Verifying effective-1.4.jar ...
[16-04-2023 20:29:17.961] [INFO] Verification of AttributeFix-Fabric-1.19.2-17.2.6.jar was successful!
[16-04-2023 20:29:17.961] [INFO] Verifying spark-1.10.34-fabric.jar ...
[16-04-2023 20:29:17.961] [INFO] Verification of PigPen-Fabric-1.19.2-11.1.2.jar was successful!
[16-04-2023 20:29:17.961] [INFO] Verification of ftb-library-fabric-1902.3.17-build.200.jar was successful!
[16-04-2023 20:29:17.961] [INFO] Verification of cullleaves-fabric-3.0.1.jar was successful!
[16-04-2023 20:29:17.961] [INFO] Verification of language-reload-1.5.6+1.19.2.jar was successful!
[16-04-2023 20:29:17.962] [INFO] Verifying ferritecore-5.0.3-fabric.jar ...
[16-04-2023 20:29:17.962] [INFO] Verifying YetAnotherConfigLib-2.2.0-for-1.19.2.jar ...
[16-04-2023 20:29:17.962] [INFO] Verifying inmis-2.7.1-1.19.jar ...
[16-04-2023 20:29:17.962] [INFO] Verifying dashloader-4.1.3+1.19.jar ...
[16-04-2023 20:29:17.962] [INFO] Verification of satin-1.9.0.jar was successful!
[16-04-2023 20:29:17.962] [INFO] Verifying ftb-teams-fabric-1902.2.13-build.100.jar ...
[16-04-2023 20:29:17.962] [INFO] Verification of effective-1.4.jar was successful!
[16-04-2023 20:29:17.962] [INFO] Verifying fabric-language-kotlin-1.9.3+kotlin.1.8.20.jar ...
[16-04-2023 20:29:17.962] [INFO] Verifying luggage-1.19-1.5.2.jar ...
[16-04-2023 20:29:17.962] [INFO] Verification of spark-1.10.34-fabric.jar was successful!
[16-04-2023 20:29:17.962] [INFO] Verifying jamlib-0.6.0+1.19.jar ...
[16-04-2023 20:29:17.962] [INFO] Verifying BetterAdvancements-Fabric-1.19.2-0.2.2.142.jar ...
[16-04-2023 20:29:17.962] [INFO] Verification of sodium-fabric-mc1.19.2-0.4.4+build.18.jar was successful!
[16-04-2023 20:29:17.962] [INFO] Verification of cloth-config-8.2.88-fabric.jar was successful!
[16-04-2023 20:29:17.962] [INFO] Verifying dragonfight-fabric-1.19.2-2.7.jar ...
[16-04-2023 20:29:17.962] [INFO] Verification of ferritecore-5.0.3-fabric.jar was successful!
[16-04-2023 20:29:17.963] [INFO] Verification of fabric-api-0.76.0+1.19.2.jar was successful!
[16-04-2023 20:29:17.963] [INFO] Verifying voidtotem-fabric-1.19.2-2.1.0.jar ...
[16-04-2023 20:29:17.963] [INFO] Verifying CreativeCore_FABRIC_v2.9.3_mc1.19.2.jar ...
[16-04-2023 20:29:17.963] [INFO] Verification of inmis-2.7.1-1.19.jar was successful!
[16-04-2023 20:29:17.963] [INFO] Verification of fabric-language-kotlin-1.9.3+kotlin.1.8.20.jar was successful!
[16-04-2023 20:29:17.963] [INFO] Verifying BetterCompatibilityChecker-Fabric-2.0.2-build.16+mc1.19.1.jar ...
[16-04-2023 20:29:17.963] [INFO] Verifying ftb-chunks-fabric-1902.3.20-build.257.jar ...
[16-04-2023 20:29:17.963] [INFO] Verification of luggage-1.19-1.5.2.jar was successful!
[16-04-2023 20:29:17.963] [INFO] Verification of BetterAdvancements-Fabric-1.19.2-0.2.2.142.jar was successful!
[16-04-2023 20:29:17.963] [INFO] Verifying ExtendedDrawers-1.3.9+mc.1.19.2.jar ...
[16-04-2023 20:29:17.963] [INFO] Verification of dashloader-4.1.3+1.19.jar was successful!
[16-04-2023 20:29:17.963] [INFO] Verifying CorgiLib-fabric-1.19.2-1.0.0.32.jar ...
[16-04-2023 20:29:17.963] [INFO] Verification of voidtotem-fabric-1.19.2-2.1.0.jar was successful!
[16-04-2023 20:29:17.963] [INFO] Verification of dragonfight-fabric-1.19.2-2.7.jar was successful!
[16-04-2023 20:29:17.963] [INFO] Verifying ItemPhysic_FABRIC_v1.6.6_mc1.19.2.jar ...
[16-04-2023 20:29:17.964] [INFO] Verifying Controlling-fabric-1.19.2-10.0+7.jar ...
[16-04-2023 20:29:17.964] [INFO] Verifying yosbr-0.1.1.jar ...
[16-04-2023 20:29:17.964] [INFO] Verifying resourcefulconfig-fabric-1.19.2-1.0.20.jar ...
[16-04-2023 20:29:17.963] [INFO] Verification of CreativeCore_FABRIC_v2.9.3_mc1.19.2.jar was successful!
[16-04-2023 20:29:17.964] [INFO] Verification of BetterCompatibilityChecker-Fabric-2.0.2-build.16+mc1.19.1.jar was successful!
[16-04-2023 20:29:17.964] [INFO] Verifying culinaryconstruct-fabric-5.0.0+1.19.2.jar ...
[16-04-2023 20:29:17.964] [INFO] Verification of ftb-chunks-fabric-1902.3.20-build.257.jar was successful!
[16-04-2023 20:29:17.964] [INFO] Verifying BetterThirdPerson-Fabric-1.19-1.9.0.jar ...
[16-04-2023 20:29:17.964] [INFO] Verifying midnightlib-fabric-1.0.0.jar ...
[16-04-2023 20:29:17.964] [INFO] Verification of CorgiLib-fabric-1.19.2-1.0.0.32.jar was successful!
[16-04-2023 20:29:17.964] [INFO] Verifying chat_heads-0.10.9-fabric-1.19.2.jar ...
[16-04-2023 20:29:17.964] [INFO] Verification of jamlib-0.6.0+1.19.jar was successful!
[16-04-2023 20:29:17.964] [INFO] Verifying Powah-4.0.8.jar ...
[16-04-2023 20:29:17.964] [INFO] Verification of Controlling-fabric-1.19.2-10.0+7.jar was successful!
[16-04-2023 20:29:17.964] [INFO] Verification of ItemPhysic_FABRIC_v1.6.6_mc1.19.2.jar was successful!
[16-04-2023 20:29:17.964] [INFO] Verification of yosbr-0.1.1.jar was successful!
[16-04-2023 20:29:17.964] [INFO] Verifying comforts-fabric-6.0.4+1.19.2.jar ...
[16-04-2023 20:29:17.963] [INFO] Verification of ftb-teams-fabric-1902.2.13-build.100.jar was successful!
[16-04-2023 20:29:17.963] [INFO] Verifying Enhanced_Celestials-fabric-1.19.2-2.1.0.5.jar ...
[16-04-2023 20:29:17.965] [INFO] Verification of Powah-4.0.8.jar was successful!
[16-04-2023 20:29:17.965] [INFO] Verification of resourcefulconfig-fabric-1.19.2-1.0.20.jar was successful!
[16-04-2023 20:29:17.965] [INFO] Verification of chat_heads-0.10.9-fabric-1.19.2.jar was successful!
[16-04-2023 20:29:17.965] [INFO] Verification of midnightlib-fabric-1.0.0.jar was successful!
[16-04-2023 20:29:17.964] [INFO] Verification of Emojiful-Fabric-1.19.2-4.0.4.jar was successful!
[16-04-2023 20:29:17.965] [INFO] Verifying CraftPresence-2.0.0-rc.2+1.19.2.jar ...
[16-04-2023 20:29:17.965] [INFO] Verifying trinkets-3.4.2.jar ...
[16-04-2023 20:29:17.965] [INFO] Verification of culinaryconstruct-fabric-5.0.0+1.19.2.jar was successful!
[16-04-2023 20:29:17.965] [INFO] Verifying theoneprobe-fabric-1.19-6.2.2.jar ...
[16-04-2023 20:29:17.965] [INFO] Verification of YetAnotherConfigLib-2.2.0-for-1.19.2.jar was successful!
[16-04-2023 20:29:17.964] [INFO] Verification of ExtendedDrawers-1.3.9+mc.1.19.2.jar was successful!
[16-04-2023 20:29:17.965] [INFO] Verifying geckolib-fabric-1.19-3.1.40.jar ...
[16-04-2023 20:29:17.966] [INFO] Verification of trinkets-3.4.2.jar was successful!
[16-04-2023 20:29:17.966] [INFO] Verifying EnchantmentDescriptions-Fabric-1.19.2-13.0.14.jar ...
[16-04-2023 20:29:17.966] [INFO] Verification of comforts-fabric-6.0.4+1.19.2.jar was successful!
[16-04-2023 20:29:17.966] [INFO] Verifying ftb-quests-fabric-1902.4.11-build.207.jar ...
[16-04-2023 20:29:17.965] [INFO] Verification of BetterThirdPerson-Fabric-1.19-1.9.0.jar was successful!
[16-04-2023 20:29:17.966] [INFO] Verifying architectury-6.5.77-fabric.jar ...
[16-04-2023 20:29:17.965] [INFO] Verifying appleskin-fabric-mc1.19-2.4.1.jar ...
[16-04-2023 20:29:17.966] [INFO] Verifying eating-animation-1.9.1.jar ...
[16-04-2023 20:29:17.967] [INFO] Verifying polylib-fabric-1900.0.2-build.73.jar ...
[16-04-2023 20:29:17.966] [INFO] Verification of CraftPresence-2.0.0-rc.2+1.19.2.jar was successful!
[16-04-2023 20:29:17.966] [INFO] Verifying cleancut-1.19.2-5.1-fabric.jar ...
[16-04-2023 20:29:17.968] [INFO] Verifying merequester-1.19.2-1.1.1.jar ...
[16-04-2023 20:29:17.967] [INFO] Verifying rhino-fabric-1902.2.2-build.268.jar ...
[16-04-2023 20:29:17.968] [INFO] Verification of theoneprobe-fabric-1.19-6.2.2.jar was successful!
[16-04-2023 20:29:17.968] [INFO] Verification of EnchantmentDescriptions-Fabric-1.19.2-13.0.14.jar was successful!
[16-04-2023 20:29:17.968] [INFO] Verification of polylib-fabric-1900.0.2-build.73.jar was successful!
[16-04-2023 20:29:17.968] [INFO] Verification of appleskin-fabric-mc1.19-2.4.1.jar was successful!
[16-04-2023 20:29:17.968] [INFO] Verification of geckolib-fabric-1.19-3.1.40.jar was successful!
[16-04-2023 20:29:17.968] [INFO] Verifying ironchests-3.1.1-fabric.jar ...
[16-04-2023 20:29:17.968] [INFO] Verification of cleancut-1.19.2-5.1-fabric.jar was successful!
[16-04-2023 20:29:17.968] [INFO] Verifying oculus-1.5.2.jar ...
[16-04-2023 20:29:17.968] [INFO] Verifying fabric-experiencebugfix-1.19-19.jar ...
[16-04-2023 20:29:17.968] [INFO] Verifying lazydfu-0.1.3.jar ...
[16-04-2023 20:29:17.968] [INFO] Verifying continuity-2.0.2+1.19.jar ...
[16-04-2023 20:29:17.968] [INFO] Verification of merequester-1.19.2-1.1.1.jar was successful!
[16-04-2023 20:29:17.968] [INFO] Verifying modmenu-4.1.2.jar ...
[16-04-2023 20:29:17.968] [INFO] Verification of rhino-fabric-1902.2.2-build.268.jar was successful!
[16-04-2023 20:29:17.969] [INFO] Verification of ironchests-3.1.1-fabric.jar was successful!
[16-04-2023 20:29:17.968] [INFO] Verification of Enhanced_Celestials-fabric-1.19.2-2.1.0.5.jar was successful!
[16-04-2023 20:29:17.968] [INFO] Verification of eating-animation-1.9.1.jar was successful!
[16-04-2023 20:29:17.968] [INFO] Verifying item-filters-fabric-1902.2.9-build.46.jar ...
[16-04-2023 20:29:17.969] [INFO] Verifying extended-armor-bars-1.2.1.jar ...
[16-04-2023 20:29:17.969] [INFO] Verifying charmofundying-fabric-6.1.1+1.19.2.jar ...
[16-04-2023 20:29:17.969] [INFO] Verification of oculus-1.5.2.jar was successful!
[16-04-2023 20:29:17.969] [INFO] Verification of lazydfu-0.1.3.jar was successful!
[16-04-2023 20:29:17.969] [INFO] Verification of architectury-6.5.77-fabric.jar was successful!
[16-04-2023 20:29:17.969] [INFO] Verifying right-click-harvest-3.1.0+1.19-1.19.2.jar ...
[16-04-2023 20:29:17.970] [INFO] Verifying botarium-fabric-1.19.2-1.8.2.jar ...
[16-04-2023 20:29:17.970] [INFO] Verification of modmenu-4.1.2.jar was successful!
[16-04-2023 20:29:17.970] [INFO] Verifying lithium-fabric-mc1.19.2-0.11.1.jar ...
[16-04-2023 20:29:17.969] [INFO] Verification of fabric-experiencebugfix-1.19-19.jar was successful!
[16-04-2023 20:29:17.970] [INFO] Verification of continuity-2.0.2+1.19.jar was successful!
[16-04-2023 20:29:17.970] [INFO] Verifying bwncr-fabric-1.19.2-3.14.1.jar ...
[16-04-2023 20:29:17.970] [INFO] Verifying FpsReducer2-fabric-1.19.2-2.1.jar ...
[16-04-2023 20:29:17.969] [INFO] Verifying Clumps-fabric-1.19.2-9.0.0+14.jar ...
[16-04-2023 20:29:17.970] [INFO] Verifying spiceoffabric-1.6.0-beta.4+1.19.2.jar ...
[16-04-2023 20:29:17.970] [INFO] Verifying Decorative Blocks-fabric-1.19.2-3.0.0.jar ...
[16-04-2023 20:29:17.970] [INFO] Verifying extraorigins-1.19-2.jar ...
[16-04-2023 20:29:17.970] [INFO] Verifying Iceberg-1.19.1-fabric-1.0.46.jar ...
[16-04-2023 20:29:17.970] [INFO] Verification of item-filters-fabric-1902.2.9-build.46.jar was successful!
[16-04-2023 20:29:17.970] [INFO] Verifying Applied-Botanics-1.4.2.jar ...
[16-04-2023 20:29:17.970] [INFO] Verification of lithium-fabric-mc1.19.2-0.11.1.jar was successful!
[16-04-2023 20:29:17.970] [INFO] Verification of charmofundying-fabric-6.1.1+1.19.2.jar was successful!
[16-04-2023 20:29:17.970] [INFO] Verifying DarkUtilities-Fabric-1.19.2-13.1.7.jar ...
[16-04-2023 20:29:17.970] [INFO] Verifying VisualWorkbench-v4.2.4-1.19.2-Fabric.jar ...
[16-04-2023 20:29:17.971] [INFO] Verification of spiceoffabric-1.6.0-beta.4+1.19.2.jar was successful!
[16-04-2023 20:29:17.971] [INFO] Verification of extraorigins-1.19-2.jar was successful!
[16-04-2023 20:29:17.971] [INFO] Verification of bwncr-fabric-1.19.2-3.14.1.jar was successful!
[16-04-2023 20:29:17.971] [INFO] Verification of Iceberg-1.19.1-fabric-1.0.46.jar was successful!
[16-04-2023 20:29:17.971] [INFO] Verifying scannable-MC1.19.2-fabric-1.7.7+dc5ea09.jar ...
[16-04-2023 20:29:17.971] [INFO] Verifying squatgrow-3.0.0-build.33+mc1.19.2.jar ...
[16-04-2023 20:29:17.971] [INFO] Verification of Clumps-fabric-1.19.2-9.0.0+14.jar was successful!
[16-04-2023 20:29:17.971] [INFO] Verifying Zoomify-2.9.0.jar ...
[16-04-2023 20:29:17.971] [INFO] Verifying Bookshelf-Fabric-1.19.2-16.2.18.jar ...
[16-04-2023 20:29:17.971] [INFO] Verification of Applied-Botanics-1.4.2.jar was successful!
[16-04-2023 20:29:17.971] [INFO] Verifying entity_texture_features_fabric_1.19.2-4.3.3.jar ...
[16-04-2023 20:29:17.971] [INFO] Verifying fabric-seasons-1.4-BETA+1.19.jar ...
[16-04-2023 20:29:17.971] [INFO] Verification of VisualWorkbench-v4.2.4-1.19.2-Fabric.jar was successful!
[16-04-2023 20:29:17.971] [INFO] Verification of DarkUtilities-Fabric-1.19.2-13.1.7.jar was successful!
[16-04-2023 20:29:17.971] [INFO] Verification of Decorative Blocks-fabric-1.19.2-3.0.0.jar was successful!
[16-04-2023 20:29:17.971] [INFO] Verification of extended-armor-bars-1.2.1.jar was successful!
[16-04-2023 20:29:17.972] [INFO] Verification of squatgrow-3.0.0-build.33+mc1.19.2.jar was successful!
[16-04-2023 20:29:17.972] [INFO] Verification of ftb-quests-fabric-1902.4.11-build.207.jar was successful!
[16-04-2023 20:29:17.972] [INFO] Verification of botarium-fabric-1.19.2-1.8.2.jar was successful!
[16-04-2023 20:29:17.972] [INFO] Verification of Bookshelf-Fabric-1.19.2-16.2.18.jar was successful!
[16-04-2023 20:29:17.972] [INFO] Verifying lootr-1.19-0.4.25.64.jar ...
[16-04-2023 20:29:17.972] [INFO] Verification of FpsReducer2-fabric-1.19.2-2.1.jar was successful!
[16-04-2023 20:29:17.972] [INFO] Verifying elytraslot-fabric-6.1.0+1.19.2.jar ...
[16-04-2023 20:29:17.972] [INFO] Verifying memoryleakfix-fabric-1.17+-1.0.0.jar ...
[16-04-2023 20:29:17.972] [INFO] Verifying resourcefullib-fabric-1.19.2-1.1.24.jar ...
[16-04-2023 20:29:17.972] [INFO] Verification of right-click-harvest-3.1.0+1.19-1.19.2.jar was successful!
[16-04-2023 20:29:17.972] [INFO] Verification of Zoomify-2.9.0.jar was successful!
[16-04-2023 20:29:17.972] [INFO] Verification of scannable-MC1.19.2-fabric-1.7.7+dc5ea09.jar was successful!
[16-04-2023 20:29:17.972] [INFO] Verifying kubejs-create-fabric-1902.1.1-build.35.jar ...
[16-04-2023 20:29:17.974] [INFO] Verifying kubejs-fabric-1902.6.0-build.142.jar ...
[16-04-2023 20:29:17.974] [INFO] Verifying ForgeConfigAPIPort-v4.2.11-1.19.2-Fabric.jar ...
[16-04-2023 20:29:17.974] [INFO] Verifying entityculling-fabric-1.6.1-mc1.19.2.jar ...
[16-04-2023 20:29:17.974] [INFO] Verifying lambdynamiclights-2.2.0+1.19.2.jar ...
[16-04-2023 20:29:17.974] [INFO] Verifying ctm-refabricated-1.0.1+1.19.jar ...
[16-04-2023 20:29:17.974] [INFO] Verification of elytraslot-fabric-6.1.0+1.19.2.jar was successful!
[16-04-2023 20:29:17.974] [INFO] Verification of memoryleakfix-fabric-1.17+-1.0.0.jar was successful!
[16-04-2023 20:29:17.975] [INFO] Verification of ctm-refabricated-1.0.1+1.19.jar was successful!
[16-04-2023 20:29:17.975] [INFO] Verification of resourcefullib-fabric-1.19.2-1.1.24.jar was successful!
[16-04-2023 20:29:17.975] [INFO] Verification of entityculling-fabric-1.6.1-mc1.19.2.jar was successful!
[16-04-2023 20:29:17.974] [INFO] Verification of lootr-1.19-0.4.25.64.jar was successful!
[16-04-2023 20:29:17.975] [INFO] Verification of kubejs-fabric-1902.6.0-build.142.jar was successful!
[16-04-2023 20:29:17.974] [INFO] Verification of fabric-seasons-1.4-BETA+1.19.jar was successful!
[16-04-2023 20:29:17.975] [INFO] Verification of ForgeConfigAPIPort-v4.2.11-1.19.2-Fabric.jar was successful!
[16-04-2023 20:29:17.975] [INFO] Verification of kubejs-create-fabric-1902.1.1-build.35.jar was successful!
[16-04-2023 20:29:17.975] [INFO] Verification of entity_texture_features_fabric_1.19.2-4.3.3.jar was successful!
[16-04-2023 20:29:17.975] [INFO] Verification of lambdynamiclights-2.2.0+1.19.2.jar was successful!
[16-04-2023 20:29:17.976] [INFO] Verification of existing files done.
[16-04-2023 20:29:17.976] [INFO] Mods designated to download: 1
[16-04-2023 20:29:17.977] [INFO] No corrupted mods found!
[16-04-2023 20:29:17.977] [INFO] Checking Mods folder for removed mods...
[16-04-2023 20:29:17.981] [INFO] Found removed mod actuallycompatible-0.1.2.jar! Deleting...
[16-04-2023 20:29:17.982] [INFO] Deleted actuallycompatible-0.1.2.jar.
[16-04-2023 20:29:17.982] [INFO] Found removed mod ad_astra-fabric-1.19.2-1.12.6.jar! Deleting...
[16-04-2023 20:29:17.983] [INFO] Deleted ad_astra-fabric-1.19.2-1.12.6.jar.
[16-04-2023 20:29:17.983] [INFO] Found removed mod ae2wtlib-0.3.3-1.16.5.jar! Deleting...
[16-04-2023 20:29:17.983] [INFO] Deleted ae2wtlib-0.3.3-1.16.5.jar.
[16-04-2023 20:29:17.984] [INFO] Found removed mod AI-Improvements-1.16.5-0.5.0.jar! Deleting...
[16-04-2023 20:29:17.984] [INFO] Deleted AI-Improvements-1.16.5-0.5.0.jar.
[16-04-2023 20:29:17.985] [INFO] Found removed mod AkashicTome-1.4-16.jar! Deleting...
[16-04-2023 20:29:17.985] [INFO] Deleted AkashicTome-1.4-16.jar.
[16-04-2023 20:29:17.986] [INFO] Found removed mod alexsmobs-1.12.1.jar! Deleting...
[16-04-2023 20:29:17.986] [INFO] Deleted alexsmobs-1.12.1.jar.
[16-04-2023 20:29:17.986] [INFO] Found removed mod appliedenergistics2-8.4.7.jar! Deleting...
[16-04-2023 20:29:17.987] [INFO] Deleted appliedenergistics2-8.4.7.jar.
[16-04-2023 20:29:17.987] [INFO] Found removed mod appliedenergistics2-fabric-12.9.3.jar! Deleting...
[16-04-2023 20:29:17.988] [INFO] Deleted appliedenergistics2-fabric-12.9.3.jar.
[16-04-2023 20:29:17.988] [INFO] Found removed mod AppliedEnergisticsTweaker-1.0.0.15.jar! Deleting...
[16-04-2023 20:29:17.989] [INFO] Deleted AppliedEnergisticsTweaker-1.0.0.15.jar.
[16-04-2023 20:29:17.989] [INFO] Found removed mod Aquaculture-1.16.5-2.1.23.jar! Deleting...
[16-04-2023 20:29:17.990] [INFO] Deleted Aquaculture-1.16.5-2.1.23.jar.
[16-04-2023 20:29:17.990] [INFO] Found removed mod architectury-1.32.66.jar! Deleting...
[16-04-2023 20:29:17.990] [INFO] Deleted architectury-1.32.66.jar.
[16-04-2023 20:29:17.991] [INFO] Found removed mod ars_nouveau-1.16.5-1.25.10.jar! Deleting...
[16-04-2023 20:29:17.991] [INFO] Deleted ars_nouveau-1.16.5-1.25.10.jar.
[16-04-2023 20:29:17.991] [INFO] Found removed mod Artifacts-1.16.5-2.10.5.jar! Deleting...
[16-04-2023 20:29:17.992] [INFO] Deleted Artifacts-1.16.5-2.10.5.jar.
[16-04-2023 20:29:17.992] [INFO] Found removed mod artisanworktables-2.0.1.jar! Deleting...
[16-04-2023 20:29:17.992] [INFO] Deleted artisanworktables-2.0.1.jar.
[16-04-2023 20:29:17.993] [INFO] Found removed mod astralsorcery-1.16.5-1.14.1.jar! Deleting...
[16-04-2023 20:29:18.011] [INFO] Deleted astralsorcery-1.16.5-1.14.1.jar.
[16-04-2023 20:29:18.011] [INFO] Found removed mod astrologicalsorcery-1.16.4-1.3.2.jar! Deleting...
[16-04-2023 20:29:18.012] [INFO] Deleted astrologicalsorcery-1.16.4-1.3.2.jar.
[16-04-2023 20:29:18.012] [INFO] Found removed mod athenaeum-2.0.1.jar! Deleting...
[16-04-2023 20:29:18.012] [INFO] Deleted athenaeum-2.0.1.jar.
[16-04-2023 20:29:18.013] [INFO] Found removed mod Atum-1.16.5-2.2.12.jar! Deleting...
[16-04-2023 20:29:18.013] [INFO] Deleted Atum-1.16.5-2.2.12.jar.
[16-04-2023 20:29:18.013] [INFO] Found removed mod AutoRegLib-1.6-49.jar! Deleting...
[16-04-2023 20:29:18.013] [INFO] Deleted AutoRegLib-1.6-49.jar.
[16-04-2023 20:29:18.014] [INFO] Found removed mod better-end-2.1.4.jar! Deleting...
[16-04-2023 20:29:18.015] [INFO] Deleted better-end-2.1.4.jar.
[16-04-2023 20:29:18.016] [INFO] Found removed mod better-nether-7.1.3.jar! Deleting...
[16-04-2023 20:29:18.016] [INFO] Deleted better-nether-7.1.3.jar.
[16-04-2023 20:29:18.016] [INFO] Found removed mod BetterDungeons-1.16.4-1.2.1.jar! Deleting...
[16-04-2023 20:29:18.017] [INFO] Deleted BetterDungeons-1.16.4-1.2.1.jar.
[16-04-2023 20:29:18.017] [INFO] Found removed mod betterendforge-1.16.5-1.6.3.jar! Deleting...
[16-04-2023 20:29:18.017] [INFO] Deleted betterendforge-1.16.5-1.6.3.jar.
[16-04-2023 20:29:18.018] [INFO] Found removed mod BetterStrongholds-1.16.4-1.2.1.jar! Deleting...
[16-04-2023 20:29:18.018] [INFO] Deleted BetterStrongholds-1.16.4-1.2.1.jar.
[16-04-2023 20:29:18.018] [INFO] Found removed mod Bookshelf-Forge-1.16.5-10.4.32.jar! Deleting...
[16-04-2023 20:29:18.018] [INFO] Deleted Bookshelf-Forge-1.16.5-10.4.32.jar.
[16-04-2023 20:29:18.019] [INFO] Found removed mod Botania-1.16.5-420.3.jar! Deleting...
[16-04-2023 20:29:18.019] [INFO] Deleted Botania-1.16.5-420.3.jar.
[16-04-2023 20:29:18.020] [INFO] Found removed mod Botania-1.19.2-438-FABRIC.jar! Deleting...
[16-04-2023 20:29:18.020] [INFO] Deleted Botania-1.19.2-438-FABRIC.jar.
[16-04-2023 20:29:18.020] [INFO] Found removed mod BotaniaAdditionsMC1.16.4-1.0.4.jar! Deleting...
[16-04-2023 20:29:18.021] [INFO] Deleted BotaniaAdditionsMC1.16.4-1.0.4.jar.
[16-04-2023 20:29:18.021] [INFO] Found removed mod BotanyPots-1.16.5-7.1.39.jar! Deleting...
[16-04-2023 20:29:18.022] [INFO] Deleted BotanyPots-1.16.5-7.1.39.jar.
[16-04-2023 20:29:18.022] [INFO] Found removed mod BrandonsCore-1.16.5-3.0.15.248-universal.jar! Deleting...
[16-04-2023 20:29:18.023] [INFO] Deleted BrandonsCore-1.16.5-3.0.15.248-universal.jar.
[16-04-2023 20:29:18.023] [INFO] Found removed mod BrassAmberBattleTowers-1.16.5-1.6.3.jar! Deleting...
[16-04-2023 20:29:18.023] [INFO] Deleted BrassAmberBattleTowers-1.16.5-1.6.3.jar.
[16-04-2023 20:29:18.024] [INFO] Found removed mod buildinggadgets-1.16.5-3.8.2.jar! Deleting...
[16-04-2023 20:29:18.024] [INFO] Deleted buildinggadgets-1.16.5-3.8.2.jar.
[16-04-2023 20:29:18.024] [INFO] Found removed mod byg-1.3.6.jar! Deleting...
[16-04-2023 20:29:18.025] [INFO] Deleted byg-1.3.6.jar.
[16-04-2023 20:29:18.025] [INFO] Found removed mod camera-1.16.5-1.0.14.jar! Deleting...
[16-04-2023 20:29:18.025] [INFO] Deleted camera-1.16.5-1.0.14.jar.
[16-04-2023 20:29:18.025] [INFO] Found removed mod cc-tweaked-1.16.5-1.101.0.jar! Deleting...
[16-04-2023 20:29:18.026] [INFO] Deleted cc-tweaked-1.16.5-1.101.0.jar.
[16-04-2023 20:29:18.026] [INFO] Found removed mod Ceramics-1.16.5-1.6.3.jar! Deleting...
[16-04-2023 20:29:18.026] [INFO] Deleted Ceramics-1.16.5-1.6.3.jar.
[16-04-2023 20:29:18.027] [INFO] Found removed mod ceramicshears-1.16.5-1.5.0.0.jar! Deleting...
[16-04-2023 20:29:18.027] [INFO] Deleted ceramicshears-1.16.5-1.5.0.0.jar.
[16-04-2023 20:29:18.027] [INFO] Found removed mod cfm-7.0.0pre22-1.16.3.jar! Deleting...
[16-04-2023 20:29:18.028] [INFO] Deleted cfm-7.0.0pre22-1.16.3.jar.
[16-04-2023 20:29:18.028] [INFO] Found removed mod charcoal_pit-1.16.5-2.29.jar! Deleting...
[16-04-2023 20:29:18.029] [INFO] Deleted charcoal_pit-1.16.5-2.29.jar.
[16-04-2023 20:29:18.029] [INFO] Found removed mod charm-forge-1.16.5-2.3.2.jar! Deleting...
[16-04-2023 20:29:18.030] [INFO] Deleted charm-forge-1.16.5-2.3.2.jar.
[16-04-2023 20:29:18.030] [INFO] Found removed mod chipped-fabric-1.19.2-2.1.4.jar! Deleting...
[16-04-2023 20:29:18.030] [INFO] Deleted chipped-fabric-1.19.2-2.1.4.jar.
[16-04-2023 20:29:18.031] [INFO] Found removed mod Chisel-MC1.16.5-2.0.1-alpha.4.jar! Deleting...
[16-04-2023 20:29:18.031] [INFO] Deleted Chisel-MC1.16.5-2.0.1-alpha.4.jar.
[16-04-2023 20:29:18.031] [INFO] Found removed mod chiselsandbits-1.0.63.jar! Deleting...
[16-04-2023 20:29:18.032] [INFO] Deleted chiselsandbits-1.0.63.jar.
[16-04-2023 20:29:18.032] [INFO] Found removed mod citadel-1.8.1-1.16.5.jar! Deleting...
[16-04-2023 20:29:18.032] [INFO] Deleted citadel-1.8.1-1.16.5.jar.
[16-04-2023 20:29:18.032] [INFO] Found removed mod cleancut-mc1.16-2.2-forge.jar! Deleting...
[16-04-2023 20:29:18.033] [INFO] Deleted cleancut-mc1.16-2.2-forge.jar.
[16-04-2023 20:29:18.033] [INFO] Found removed mod clockout-1.16.4-2.0.0.1.jar! Deleting...
[16-04-2023 20:29:18.033] [INFO] Deleted clockout-1.16.4-2.0.0.1.jar.
[16-04-2023 20:29:18.034] [INFO] Found removed mod Clumps-6.0.0.28.jar! Deleting...
[16-04-2023 20:29:18.034] [INFO] Deleted Clumps-6.0.0.28.jar.
[16-04-2023 20:29:18.034] [INFO] Found removed mod CodeChickenLib-1.16.5-4.0.7.445-universal.jar! Deleting...
[16-04-2023 20:29:18.035] [INFO] Deleted CodeChickenLib-1.16.5-4.0.7.445-universal.jar.
[16-04-2023 20:29:18.035] [INFO] Found removed mod cofh_core-1.16.5-1.5.2.22.jar! Deleting...
[16-04-2023 20:29:18.036] [INFO] Deleted cofh_core-1.16.5-1.5.2.22.jar.
[16-04-2023 20:29:18.037] [INFO] Found removed mod collective-1.16.5-5.25.jar! Deleting...
[16-04-2023 20:29:18.037] [INFO] Deleted collective-1.16.5-5.25.jar.
[16-04-2023 20:29:18.038] [INFO] Found removed mod comforts-forge-1.16.5-4.0.1.5.jar! Deleting...
[16-04-2023 20:29:18.038] [INFO] Deleted comforts-forge-1.16.5-4.0.1.5.jar.
[16-04-2023 20:29:18.038] [INFO] Found removed mod Compressium-1.16.5-1.2.3.jar! Deleting...
[16-04-2023 20:29:18.039] [INFO] Deleted Compressium-1.16.5-1.2.3.jar.
[16-04-2023 20:29:18.039] [INFO] Found removed mod constructionwand-1.16.5-2.6.jar! Deleting...
[16-04-2023 20:29:18.039] [INFO] Deleted constructionwand-1.16.5-2.6.jar.
[16-04-2023 20:29:18.039] [INFO] Found removed mod CookingForBlockheads_1.16.5-9.3.4.jar! Deleting...
[16-04-2023 20:29:18.040] [INFO] Deleted CookingForBlockheads_1.16.5-9.3.4.jar.
[16-04-2023 20:29:18.040] [INFO] Found removed mod corpse-1.16.5-1.0.6.jar! Deleting...
[16-04-2023 20:29:18.040] [INFO] Deleted corpse-1.16.5-1.0.6.jar.
[16-04-2023 20:29:18.041] [INFO] Found removed mod CosmeticArmorReworked-1.16.5-v5.jar! Deleting...
[16-04-2023 20:29:18.041] [INFO] Deleted CosmeticArmorReworked-1.16.5-v5.jar.
[16-04-2023 20:29:18.041] [INFO] Found removed mod CraftTweaker-1.16.5-7.1.2.516.jar! Deleting...
[16-04-2023 20:29:18.042] [INFO] Deleted CraftTweaker-1.16.5-7.1.2.516.jar.
[16-04-2023 20:29:18.043] [INFO] Found removed mod create-fabric-0.5.0.i-991+1.19.2.jar! Deleting...
[16-04-2023 20:29:18.043] [INFO] Deleted create-fabric-0.5.0.i-991+1.19.2.jar.
[16-04-2023 20:29:18.044] [INFO] Found removed mod create-mc1.16.5_v0.3.2g.jar! Deleting...
[16-04-2023 20:29:18.044] [INFO] Deleted create-mc1.16.5_v0.3.2g.jar.
[16-04-2023 20:29:18.044] [INFO] Found removed mod create-stuff-additions1.16.5_v1.1.6.jar! Deleting...
[16-04-2023 20:29:18.045] [INFO] Deleted create-stuff-additions1.16.5_v1.1.6.jar.
[16-04-2023 20:29:18.045] [INFO] Found removed mod createaddition-1.16.5-20220129a.jar! Deleting...
[16-04-2023 20:29:18.045] [INFO] Deleted createaddition-1.16.5-20220129a.jar.
[16-04-2023 20:29:18.046] [INFO] Found removed mod createplus-1.16.4_v0.3.2.1.jar! Deleting...
[16-04-2023 20:29:18.046] [INFO] Deleted createplus-1.16.4_v0.3.2.1.jar.
[16-04-2023 20:29:18.046] [INFO] Found removed mod CreateTweaker-1.0.0.26.jar! Deleting...
[16-04-2023 20:29:18.046] [INFO] Deleted CreateTweaker-1.0.0.26.jar.
[16-04-2023 20:29:18.047] [INFO] Found removed mod CreativeCore_v2.2.1_mc1.16.5.jar! Deleting...
[16-04-2023 20:29:18.047] [INFO] Deleted CreativeCore_v2.2.1_mc1.16.5.jar.
[16-04-2023 20:29:18.047] [INFO] Found removed mod Cucumber-1.16.5-4.1.12.jar! Deleting...
[16-04-2023 20:29:18.048] [INFO] Deleted Cucumber-1.16.5-4.1.12.jar.
[16-04-2023 20:29:18.048] [INFO] Found removed mod curios-forge-1.16.5-4.0.8.2.jar! Deleting...
[16-04-2023 20:29:18.048] [INFO] Deleted curios-forge-1.16.5-4.0.8.2.jar.
[16-04-2023 20:29:18.049] [INFO] Found removed mod dankstorage-1.16.5-3.21.jar! Deleting...
[16-04-2023 20:29:18.049] [INFO] Deleted dankstorage-1.16.5-3.21.jar.
[16-04-2023 20:29:18.050] [INFO] Found removed mod decursiomod-1.16.5-1.7.jar! Deleting...
[16-04-2023 20:29:18.051] [INFO] Deleted decursiomod-1.16.5-1.7.jar.
[16-04-2023 20:29:18.051] [INFO] Found removed mod deeperdarker-fabric-1.1.6-fabric.jar! Deleting...
[16-04-2023 20:29:18.051] [INFO] Deleted deeperdarker-fabric-1.1.6-fabric.jar.
[16-04-2023 20:29:18.052] [INFO] Found removed mod diet-forge-1.16.5-1.0.4.0.jar! Deleting...
[16-04-2023 20:29:18.052] [INFO] Deleted diet-forge-1.16.5-1.0.4.0.jar.
[16-04-2023 20:29:18.052] [INFO] Found removed mod DoggyTalents-1.16.5-2.1.15.jar! Deleting...
[16-04-2023 20:29:18.052] [INFO] Deleted DoggyTalents-1.16.5-2.1.15.jar.
[16-04-2023 20:29:18.053] [INFO] Found removed mod DoubleSlabs-1.16-3.7.3.jar! Deleting...
[16-04-2023 20:29:18.053] [INFO] Deleted DoubleSlabs-1.16-3.7.3.jar.
[16-04-2023 20:29:18.053] [INFO] Found removed mod Draconic-Evolution-1.16.5-3.0.29.507-universal.jar! Deleting...
[16-04-2023 20:29:18.054] [INFO] Deleted Draconic-Evolution-1.16.5-3.0.29.507-universal.jar.
[16-04-2023 20:29:18.054] [INFO] Found removed mod dragonfight-1.8.jar! Deleting...
[16-04-2023 20:29:18.054] [INFO] Deleted dragonfight-1.8.jar.
[16-04-2023 20:29:18.054] [INFO] Found removed mod DrawersTooltip-1.16.2-2.1.1.jar! Deleting...
[16-04-2023 20:29:18.055] [INFO] Deleted DrawersTooltip-1.16.2-2.1.1.jar.
[16-04-2023 20:29:18.055] [INFO] Found removed mod DungeonCrawl-1.16.5-2.3.9.jar! Deleting...
[16-04-2023 20:29:18.055] [INFO] Deleted DungeonCrawl-1.16.5-2.3.9.jar.
[16-04-2023 20:29:18.055] [INFO] Found removed mod DungeonsArise-1.16.5-2.1.49-beta.jar! Deleting...
[16-04-2023 20:29:18.056] [INFO] Deleted DungeonsArise-1.16.5-2.1.49-beta.jar.
[16-04-2023 20:29:18.056] [INFO] Found removed mod dungeons_enhanced-1.16.5-1.8.2.jar! Deleting...
[16-04-2023 20:29:18.057] [INFO] Deleted dungeons_enhanced-1.16.5-1.8.2.jar.
[16-04-2023 20:29:18.057] [INFO] Found removed mod dwmh-1.16.4-0.4.0.2.jar! Deleting...
[16-04-2023 20:29:18.058] [INFO] Deleted dwmh-1.16.4-0.4.0.2.jar.
[16-04-2023 20:29:18.058] [INFO] Found removed mod dynviewdist-2.0.jar! Deleting...
[16-04-2023 20:29:18.059] [INFO] Deleted dynviewdist-2.0.jar.
[16-04-2023 20:29:18.059] [INFO] Found removed mod Eidolon Tweaker 1.16.5-0.0.5.jar! Deleting...
[16-04-2023 20:29:18.059] [INFO] Deleted Eidolon Tweaker 1.16.5-0.0.5.jar.
[16-04-2023 20:29:18.060] [INFO] Found removed mod eidolon-0.2.7.jar! Deleting...
[16-04-2023 20:29:18.060] [INFO] Deleted eidolon-0.2.7.jar.
[16-04-2023 20:29:18.060] [INFO] Found removed mod EmendatusEnigmatica-1.2.15-build.7+mc1.16.5.jar! Deleting...
[16-04-2023 20:29:18.060] [INFO] Deleted EmendatusEnigmatica-1.2.15-build.7+mc1.16.5.jar.
[16-04-2023 20:29:18.061] [INFO] Found removed mod emojiful-1.16.4-2.1.6.jar! Deleting...
[16-04-2023 20:29:18.061] [INFO] Deleted emojiful-1.16.4-2.1.6.jar.
[16-04-2023 20:29:18.061] [INFO] Found removed mod Endless-1.16.5-1.4.6.jar! Deleting...
[16-04-2023 20:29:18.062] [INFO] Deleted Endless-1.16.5-1.4.6.jar.
[16-04-2023 20:29:18.062] [INFO] Found removed mod endrem-5.0.3-R-1.16.5.jar! Deleting...
[16-04-2023 20:29:18.063] [INFO] Deleted endrem-5.0.3-R-1.16.5.jar.
[16-04-2023 20:29:18.064] [INFO] Found removed mod energymeter-1.16.5-1.6.1.jar! Deleting...
[16-04-2023 20:29:18.064] [INFO] Deleted energymeter-1.16.5-1.6.1.jar.
[16-04-2023 20:29:18.065] [INFO] Found removed mod engineersdecor-1.16.5-forge-1.1.19.jar! Deleting...
[16-04-2023 20:29:18.065] [INFO] Deleted engineersdecor-1.16.5-forge-1.1.19.jar.
[16-04-2023 20:29:18.066] [INFO] Found removed mod ensorcellation-1.16.5-1.5.0.4.jar! Deleting...
[16-04-2023 20:29:18.066] [INFO] Deleted ensorcellation-1.16.5-1.5.0.4.jar.
[16-04-2023 20:29:18.067] [INFO] Found removed mod entangled-1.3.12-forge-mc1.16.jar! Deleting...
[16-04-2023 20:29:18.067] [INFO] Deleted entangled-1.3.12-forge-mc1.16.jar.
[16-04-2023 20:29:18.067] [INFO] Found removed mod expandability-2.0.1-forge.jar! Deleting...
[16-04-2023 20:29:18.068] [INFO] Deleted expandability-2.0.1-forge.jar.
[16-04-2023 20:29:18.068] [INFO] Found removed mod ExplorersCompass-1.16.5-1.1.2-forge.jar! Deleting...
[16-04-2023 20:29:18.069] [INFO] Deleted ExplorersCompass-1.16.5-1.1.2-forge.jar.
[16-04-2023 20:29:18.069] [INFO] Found removed mod ExtendedCrafting-1.16.5-3.1.12.jar! Deleting...
[16-04-2023 20:29:18.069] [INFO] Deleted ExtendedCrafting-1.16.5-3.1.12.jar.
[16-04-2023 20:29:18.070] [INFO] Found removed mod FarmersDelight-1.16.5-0.6.0.jar! Deleting...
[16-04-2023 20:29:18.071] [INFO] Deleted FarmersDelight-1.16.5-0.6.0.jar.
[16-04-2023 20:29:18.071] [INFO] Found removed mod farmersdelightintegrations-1.16.5-1.2.jar! Deleting...
[16-04-2023 20:29:18.072] [INFO] Deleted farmersdelightintegrations-1.16.5-1.2.jar.
[16-04-2023 20:29:18.072] [INFO] Found removed mod farmerstea-1.16.5-1.3.jar! Deleting...
[16-04-2023 20:29:18.073] [INFO] Deleted farmerstea-1.16.5-1.3.jar.
[16-04-2023 20:29:18.073] [INFO] Found removed mod FastFurnace-1.16.5-4.5.0.jar! Deleting...
[16-04-2023 20:29:18.073] [INFO] Deleted FastFurnace-1.16.5-4.5.0.jar.
[16-04-2023 20:29:18.074] [INFO] Found removed mod FastLeafDecay-v25.2.jar! Deleting...
[16-04-2023 20:29:18.074] [INFO] Deleted FastLeafDecay-v25.2.jar.
[16-04-2023 20:29:18.075] [INFO] Found removed mod FastSuite-1.16.4-1.1.1.jar! Deleting...
[16-04-2023 20:29:18.075] [INFO] Deleted FastSuite-1.16.4-1.1.1.jar.
[16-04-2023 20:29:18.075] [INFO] Found removed mod FastWorkbench-1.16.5-4.6.2.jar! Deleting...
[16-04-2023 20:29:18.076] [INFO] Deleted FastWorkbench-1.16.5-4.6.2.jar.
[16-04-2023 20:29:18.076] [INFO] Found removed mod fclib-2.3.17.jar! Deleting...
[16-04-2023 20:29:18.076] [INFO] Deleted fclib-2.3.17.jar.
[16-04-2023 20:29:18.077] [INFO] Found removed mod ferritecore-2.1.1-forge.jar! Deleting...
[16-04-2023 20:29:18.077] [INFO] Deleted ferritecore-2.1.1-forge.jar.
[16-04-2023 20:29:18.078] [INFO] Found removed mod findme-1.16.3-2.2.1.0.jar! Deleting...
[16-04-2023 20:29:18.078] [INFO] Deleted findme-1.16.3-2.2.1.0.jar.
[16-04-2023 20:29:18.079] [INFO] Found removed mod flywheel-1.16-0.2.5.jar! Deleting...
[16-04-2023 20:29:18.079] [INFO] Deleted flywheel-1.16-0.2.5.jar.
[16-04-2023 20:29:18.079] [INFO] Found removed mod foregoing_tweaker-1.16.5-1.1.4.jar! Deleting...
[16-04-2023 20:29:18.080] [INFO] Deleted foregoing_tweaker-1.16.5-1.1.4.jar.
[16-04-2023 20:29:18.080] [INFO] Found removed mod FramedBlocks-2.16.2.jar! Deleting...
[16-04-2023 20:29:18.080] [INFO] Deleted FramedBlocks-2.16.2.jar.
[16-04-2023 20:29:18.081] [INFO] Found removed mod framedcompactdrawers-1.16-2.2.1.jar! Deleting...
[16-04-2023 20:29:18.081] [INFO] Deleted framedcompactdrawers-1.16-2.2.1.jar.
[16-04-2023 20:29:18.081] [INFO] Found removed mod ftb-backups-2.1.2.2.jar! Deleting...
[16-04-2023 20:29:18.081] [INFO] Deleted ftb-backups-2.1.2.2.jar.
[16-04-2023 20:29:18.082] [INFO] Found removed mod ftb-chunks-forge-1605.3.4-build.220.jar! Deleting...
[16-04-2023 20:29:18.082] [INFO] Deleted ftb-chunks-forge-1605.3.4-build.220.jar.
[16-04-2023 20:29:18.082] [INFO] Found removed mod ftb-essentials-1605.1.5-build.32.jar! Deleting...
[16-04-2023 20:29:18.082] [INFO] Deleted ftb-essentials-1605.1.5-build.32.jar.
[16-04-2023 20:29:18.083] [INFO] Found removed mod ftb-library-forge-1605.3.4-build.90.jar! Deleting...
[16-04-2023 20:29:18.083] [INFO] Deleted ftb-library-forge-1605.3.4-build.90.jar.
[16-04-2023 20:29:18.083] [INFO] Found removed mod ftb-quests-forge-1605.3.7-build.165.jar! Deleting...
[16-04-2023 20:29:18.084] [INFO] Deleted ftb-quests-forge-1605.3.7-build.165.jar.
[16-04-2023 20:29:18.084] [INFO] Found removed mod ftb-ranks-forge-1605.1.6-build.33.jar! Deleting...
[16-04-2023 20:29:18.085] [INFO] Deleted ftb-ranks-forge-1605.1.6-build.33.jar.
[16-04-2023 20:29:18.086] [INFO] Found removed mod ftb-teams-forge-1605.2.3-build.40.jar! Deleting...
[16-04-2023 20:29:18.086] [INFO] Deleted ftb-teams-forge-1605.2.3-build.40.jar.
[16-04-2023 20:29:18.087] [INFO] Found removed mod GameMenuModOption-1.16.4-1.8.2.jar! Deleting...
[16-04-2023 20:29:18.087] [INFO] Deleted GameMenuModOption-1.16.4-1.8.2.jar.
[16-04-2023 20:29:18.088] [INFO] Found removed mod geckolib-forge-1.16.5-3.0.104.jar! Deleting...
[16-04-2023 20:29:18.088] [INFO] Deleted geckolib-forge-1.16.5-3.0.104.jar.
[16-04-2023 20:29:18.089] [INFO] Found removed mod HammerLib-1.16.5-16.3.30.jar! Deleting...
[16-04-2023 20:29:18.089] [INFO] Deleted HammerLib-1.16.5-16.3.30.jar.
[16-04-2023 20:29:18.089] [INFO] Found removed mod HarderNaturalHealing-1.36.0.6a.jar! Deleting...
[16-04-2023 20:29:18.090] [INFO] Deleted HarderNaturalHealing-1.36.0.6a.jar.
[16-04-2023 20:29:18.090] [INFO] Found removed mod Hats-1.16.5-10.3.3.jar! Deleting...
[16-04-2023 20:29:18.090] [INFO] Deleted Hats-1.16.5-10.3.3.jar.
[16-04-2023 20:29:18.091] [INFO] Found removed mod hexblades-1.16.5-0.0.9.3.jar! Deleting...
[16-04-2023 20:29:18.092] [INFO] Deleted hexblades-1.16.5-0.0.9.3.jar.
[16-04-2023 20:29:18.093] [INFO] Found removed mod iChunUtil-1.16.5-10.6.1.jar! Deleting...
[16-04-2023 20:29:18.093] [INFO] Deleted iChunUtil-1.16.5-10.6.1.jar.
[16-04-2023 20:29:18.093] [INFO] Found removed mod ImmersiveEngineering-1.16.5-5.1.0-148.jar! Deleting...
[16-04-2023 20:29:18.094] [INFO] Deleted ImmersiveEngineering-1.16.5-5.1.0-148.jar.
[16-04-2023 20:29:18.094] [INFO] Found removed mod ImmersiveIndustry-1.16.5-0.1.8f.jar! Deleting...
[16-04-2023 20:29:18.095] [INFO] Deleted ImmersiveIndustry-1.16.5-0.1.8f.jar.
[16-04-2023 20:29:18.095] [INFO] Found removed mod ImmersivePetroleum-1.16.5-3.4.0-13.jar! Deleting...
[16-04-2023 20:29:18.096] [INFO] Deleted ImmersivePetroleum-1.16.5-3.4.0-13.jar.
[16-04-2023 20:29:18.096] [INFO] Found removed mod improvedmobs-1.16.5-1.10.13.jar! Deleting...
[16-04-2023 20:29:18.096] [INFO] Deleted improvedmobs-1.16.5-1.10.13.jar.
[16-04-2023 20:29:18.096] [INFO] Found removed mod Industrial Agriculture[Core]-1.16.5-1.8.16.jar! Deleting...
[16-04-2023 20:29:18.097] [INFO] Deleted Industrial Agriculture[Core]-1.16.5-1.8.16.jar.
[16-04-2023 20:29:18.097] [INFO] Found removed mod Industrial Agriculture[Industrial Foregoing]-1.16.3-1.7.1.jar! Deleting...
[16-04-2023 20:29:18.098] [INFO] Deleted Industrial Agriculture[Industrial Foregoing]-1.16.3-1.7.1.jar.
[16-04-2023 20:29:18.098] [INFO] Found removed mod industrial-foregoing-1.16.5-3.2.14.7-16.jar! Deleting...
[16-04-2023 20:29:18.099] [INFO] Deleted industrial-foregoing-1.16.5-3.2.14.7-16.jar.
[16-04-2023 20:29:18.099] [INFO] Found removed mod ironchest-1.16.5-11.2.21.jar! Deleting...
[16-04-2023 20:29:18.100] [INFO] Deleted ironchest-1.16.5-11.2.21.jar.
[16-04-2023 20:29:18.100] [INFO] Found removed mod item-filters-forge-1605.2.5-build.9.jar! Deleting...
[16-04-2023 20:29:18.100] [INFO] Deleted item-filters-forge-1605.2.5-build.9.jar.
[16-04-2023 20:29:18.101] [INFO] Found removed mod JAVD-2.6.1-build.48+mc1.16.5.jar! Deleting...
[16-04-2023 20:29:18.101] [INFO] Deleted JAVD-2.6.1-build.48+mc1.16.5.jar.
[16-04-2023 20:29:18.101] [INFO] Found removed mod jei-1.16.5-7.7.1.153.jar! Deleting...
[16-04-2023 20:29:18.102] [INFO] Deleted jei-1.16.5-7.7.1.153.jar.
[16-04-2023 20:29:18.102] [INFO] Found removed mod jeimultiblocks-1.16.5-0.0.1.jar! Deleting...
[16-04-2023 20:29:18.102] [INFO] Deleted jeimultiblocks-1.16.5-0.0.1.jar.
[16-04-2023 20:29:18.103] [INFO] Found removed mod jmi-1.16.5-0.8.1-47.jar! Deleting...
[16-04-2023 20:29:18.103] [INFO] Deleted jmi-1.16.5-0.8.1-47.jar.
[16-04-2023 20:29:18.103] [INFO] Found removed mod journeymap-1.16.5-5.8.5p6.jar! Deleting...
[16-04-2023 20:29:18.107] [INFO] Deleted journeymap-1.16.5-5.8.5p6.jar.
[16-04-2023 20:29:18.107] [INFO] Found removed mod JustEnoughCalculation-1.16.5-3.9.2.jar! Deleting...
[16-04-2023 20:29:18.108] [INFO] Deleted JustEnoughCalculation-1.16.5-3.9.2.jar.
[16-04-2023 20:29:18.108] [INFO] Found removed mod JustEnoughProfessions-1.16.5-1.2.2.jar! Deleting...
[16-04-2023 20:29:18.108] [INFO] Deleted JustEnoughProfessions-1.16.5-1.2.2.jar.
[16-04-2023 20:29:18.109] [INFO] Found removed mod KleeSlabs_1.16.5-9.2.1.jar! Deleting...
[16-04-2023 20:29:18.109] [INFO] Deleted KleeSlabs_1.16.5-9.2.1.jar.
[16-04-2023 20:29:18.109] [INFO] Found removed mod kotlinforforge-1.17.0-obf.jar! Deleting...
[16-04-2023 20:29:18.109] [INFO] Deleted kotlinforforge-1.17.0-obf.jar.
[16-04-2023 20:29:18.110] [INFO] Found removed mod kubejs-create-1605.1.4-build.12.jar! Deleting...
[16-04-2023 20:29:18.110] [INFO] Deleted kubejs-create-1605.1.4-build.12.jar.
[16-04-2023 20:29:18.110] [INFO] Found removed mod kubejs-forge-1605.3.19-build.299.jar! Deleting...
[16-04-2023 20:29:18.111] [INFO] Deleted kubejs-forge-1605.3.19-build.299.jar.
[16-04-2023 20:29:18.111] [INFO] Found removed mod kubejs-immersive-engineering-1605.1.2-build.28.jar! Deleting...
[16-04-2023 20:29:18.111] [INFO] Deleted kubejs-immersive-engineering-1605.1.2-build.28.jar.
[16-04-2023 20:29:18.111] [INFO] Found removed mod kubejs-mekanism-1605.1.2-build.2.jar! Deleting...
[16-04-2023 20:29:18.112] [INFO] Deleted kubejs-mekanism-1605.1.2-build.2.jar.
[16-04-2023 20:29:18.112] [INFO] Found removed mod kubejs-thermal-1605.1.4-build.4.jar! Deleting...
[16-04-2023 20:29:18.113] [INFO] Deleted kubejs-thermal-1605.1.4-build.4.jar.
[16-04-2023 20:29:18.113] [INFO] Found removed mod lazierae2-1.16.5-2.0.4.jar! Deleting...
[16-04-2023 20:29:18.113] [INFO] Deleted lazierae2-1.16.5-2.0.4.jar.
[16-04-2023 20:29:18.114] [INFO] Found removed mod ldlib-fabric-1.19.2-1.0.4.b.jar! Deleting...
[16-04-2023 20:29:18.114] [INFO] Deleted ldlib-fabric-1.19.2-1.0.4.b.jar.
[16-04-2023 20:29:18.114] [INFO] Found removed mod LibX-1.16.3-1.0.76.jar! Deleting...
[16-04-2023 20:29:18.115] [INFO] Deleted LibX-1.16.3-1.0.76.jar.
[16-04-2023 20:29:18.115] [INFO] Found removed mod Lollipop-1.16.5-3.2.9.jar! Deleting...
[16-04-2023 20:29:18.115] [INFO] Deleted Lollipop-1.16.5-3.2.9.jar.
[16-04-2023 20:29:18.116] [INFO] Found removed mod lootr-1.16.5-0.1.15.46.jar! Deleting...
[16-04-2023 20:29:18.116] [INFO] Deleted lootr-1.16.5-0.1.15.46.jar.
[16-04-2023 20:29:18.116] [INFO] Found removed mod luggage-1.1.jar! Deleting...
[16-04-2023 20:29:18.116] [INFO] Deleted luggage-1.1.jar.
[16-04-2023 20:29:18.117] [INFO] Found removed mod magipsi-1.16.5-2.0.1.0.jar! Deleting...
[16-04-2023 20:29:18.117] [INFO] Deleted magipsi-1.16.5-2.0.1.0.jar.
[16-04-2023 20:29:18.117] [INFO] Found removed mod Mantle-1.16.5-1.6.157.jar! Deleting...
[16-04-2023 20:29:18.117] [INFO] Deleted Mantle-1.16.5-1.6.157.jar.
[16-04-2023 20:29:18.118] [INFO] Found removed mod mcjtylib-1.16-5.1.8.jar! Deleting...
[16-04-2023 20:29:18.118] [INFO] Deleted mcjtylib-1.16-5.1.8.jar.
[16-04-2023 20:29:18.118] [INFO] Found removed mod Mekanism-1.16.5-10.1.2.457.jar! Deleting...
[16-04-2023 20:29:18.144] [INFO] Deleted Mekanism-1.16.5-10.1.2.457.jar.
[16-04-2023 20:29:18.144] [INFO] Found removed mod MekanismGenerators-1.16.5-10.1.2.457.jar! Deleting...
[16-04-2023 20:29:18.145] [INFO] Deleted MekanismGenerators-1.16.5-10.1.2.457.jar.
[16-04-2023 20:29:18.145] [INFO] Found removed mod minecolonies-1.16.5-1.0.978-RELEASE.jar! Deleting...
[16-04-2023 20:29:18.146] [INFO] Deleted minecolonies-1.16.5-1.0.978-RELEASE.jar.
[16-04-2023 20:29:18.146] [INFO] Found removed mod MiniCoal2-1.16.1-0.0.2-universal.jar! Deleting...
[16-04-2023 20:29:18.146] [INFO] Deleted MiniCoal2-1.16.1-0.0.2-universal.jar.
[16-04-2023 20:29:18.147] [INFO] Found removed mod mob_grinding_utils-1.16.5-0.4.37.jar! Deleting...
[16-04-2023 20:29:18.147] [INFO] Deleted mob_grinding_utils-1.16.5-0.4.37.jar.
[16-04-2023 20:29:18.147] [INFO] Found removed mod Morph-o-Tool-1.4-27.jar! Deleting...
[16-04-2023 20:29:18.148] [INFO] Deleted Morph-o-Tool-1.4-27.jar.
[16-04-2023 20:29:18.148] [INFO] Found removed mod mowziesmobs-1.5.27.jar! Deleting...
[16-04-2023 20:29:18.148] [INFO] Deleted mowziesmobs-1.5.27.jar.
[16-04-2023 20:29:18.148] [INFO] Found removed mod MutantBeasts-1.16.4-1.1.3.jar! Deleting...
[16-04-2023 20:29:18.149] [INFO] Deleted MutantBeasts-1.16.4-1.1.3.jar.
[16-04-2023 20:29:18.149] [INFO] Found removed mod MysticalAgradditions-1.16.5-4.2.4.jar! Deleting...
[16-04-2023 20:29:18.150] [INFO] Deleted MysticalAgradditions-1.16.5-4.2.4.jar.
[16-04-2023 20:29:18.150] [INFO] Found removed mod MysticalAgriculture-1.16.5-4.2.6.jar! Deleting...
[16-04-2023 20:29:18.150] [INFO] Deleted MysticalAgriculture-1.16.5-4.2.6.jar.
[16-04-2023 20:29:18.150] [INFO] Found removed mod MythicBotany-1.16.5-1.4.19.jar! Deleting...
[16-04-2023 20:29:18.151] [INFO] Deleted MythicBotany-1.16.5-1.4.19.jar.
[16-04-2023 20:29:18.151] [INFO] Found removed mod NaturesCompass-1.16.5-1.9.1-forge.jar! Deleting...
[16-04-2023 20:29:18.151] [INFO] Deleted NaturesCompass-1.16.5-1.9.1-forge.jar.
[16-04-2023 20:29:18.152] [INFO] Found removed mod notenoughcrashes-4.1.4+1.16.5-forge.jar! Deleting...
[16-04-2023 20:29:18.152] [INFO] Deleted notenoughcrashes-4.1.4+1.16.5-forge.jar.
[16-04-2023 20:29:18.152] [INFO] Found removed mod observable-0.2.1-forge.jar! Deleting...
[16-04-2023 20:29:18.156] [INFO] Deleted observable-0.2.1-forge.jar.
[16-04-2023 20:29:18.156] [INFO] Found removed mod observerlib-1.16.5-1.5.3.jar! Deleting...
[16-04-2023 20:29:18.157] [INFO] Deleted observerlib-1.16.5-1.5.3.jar.
[16-04-2023 20:29:18.157] [INFO] Found removed mod oreconfig-1.2.0.jar! Deleting...
[16-04-2023 20:29:18.157] [INFO] Deleted oreconfig-1.2.0.jar.
[16-04-2023 20:29:18.157] [INFO] Found removed mod Origins-1.19.2-1.7.1.jar! Deleting...
[16-04-2023 20:29:18.158] [INFO] Deleted Origins-1.19.2-1.7.1.jar.
[16-04-2023 20:29:18.158] [INFO] Found removed mod out_of_sight-1.16.4-1.0.1.jar! Deleting...
[16-04-2023 20:29:18.158] [INFO] Deleted out_of_sight-1.16.4-1.0.1.jar.
[16-04-2023 20:29:18.158] [INFO] Found removed mod PackagedAuto-1.16.5-2.0.1.8.jar! Deleting...
[16-04-2023 20:29:18.158] [INFO] Deleted PackagedAuto-1.16.5-2.0.1.8.jar.
[16-04-2023 20:29:18.159] [INFO] Found removed mod PackagedExCrafting-1.16.5-2.0.0.4.jar! Deleting...
[16-04-2023 20:29:18.159] [INFO] Deleted PackagedExCrafting-1.16.5-2.0.0.4.jar.
[16-04-2023 20:29:18.159] [INFO] Found removed mod pamhc2crops-1.16.3-1.0.2.jar! Deleting...
[16-04-2023 20:29:18.159] [INFO] Deleted pamhc2crops-1.16.3-1.0.2.jar.
[16-04-2023 20:29:18.160] [INFO] Found removed mod pamhc2foodcore-1.16.3-1.0.2.jar! Deleting...
[16-04-2023 20:29:18.160] [INFO] Deleted pamhc2foodcore-1.16.3-1.0.2.jar.
[16-04-2023 20:29:18.160] [INFO] Found removed mod pamhc2foodextended-1.16.3-1.0.4.jar! Deleting...
[16-04-2023 20:29:18.161] [INFO] Deleted pamhc2foodextended-1.16.3-1.0.4.jar.
[16-04-2023 20:29:18.162] [INFO] Found removed mod pamhc2trees-1.16.3-1.0.1.jar! Deleting...
[16-04-2023 20:29:18.162] [INFO] Deleted pamhc2trees-1.16.3-1.0.1.jar.
[16-04-2023 20:29:18.162] [INFO] Found removed mod passiveshield_1.16.5-2.6.jar! Deleting...
[16-04-2023 20:29:18.163] [INFO] Deleted passiveshield_1.16.5-2.6.jar.
[16-04-2023 20:29:18.163] [INFO] Found removed mod Patchouli-1.16.4-53.3.jar! Deleting...
[16-04-2023 20:29:18.163] [INFO] Deleted Patchouli-1.16.4-53.3.jar.
[16-04-2023 20:29:18.163] [INFO] Found removed mod perpetual_durability-1.16.5-1.3.0.jar! Deleting...
[16-04-2023 20:29:18.164] [INFO] Deleted perpetual_durability-1.16.5-1.3.0.jar.
[16-04-2023 20:29:18.164] [INFO] Found removed mod pickableorbs-2.3_1.16.5.jar! Deleting...
[16-04-2023 20:29:18.164] [INFO] Deleted pickableorbs-2.3_1.16.5.jar.
[16-04-2023 20:29:18.165] [INFO] Found removed mod Placebo-1.16.5-4.7.0.jar! Deleting...
[16-04-2023 20:29:18.165] [INFO] Deleted Placebo-1.16.5-4.7.0.jar.
[16-04-2023 20:29:18.165] [INFO] Found removed mod PlayerRevive_v2.0.0-pre04_mc1.16.5.jar! Deleting...
[16-04-2023 20:29:18.166] [INFO] Deleted PlayerRevive_v2.0.0-pre04_mc1.16.5.jar.
[16-04-2023 20:29:18.166] [INFO] Found removed mod polymorph-forge-1.16.5-0.41.jar! Deleting...
[16-04-2023 20:29:18.166] [INFO] Deleted polymorph-forge-1.16.5-0.41.jar.
[16-04-2023 20:29:18.166] [INFO] Found removed mod Powah-1.16.5-2.3.16.jar! Deleting...
[16-04-2023 20:29:18.167] [INFO] Deleted Powah-1.16.5-2.3.16.jar.
[16-04-2023 20:29:18.167] [INFO] Found removed mod prefab-1.6.5.15.jar! Deleting...
[16-04-2023 20:29:18.167] [INFO] Deleted prefab-1.6.5.15.jar.
[16-04-2023 20:29:18.168] [INFO] Found removed mod PrettyPipes-1.9.8.jar! Deleting...
[16-04-2023 20:29:18.169] [INFO] Deleted PrettyPipes-1.9.8.jar.
[16-04-2023 20:29:18.169] [INFO] Found removed mod primutils-1.0.4-hotfix.jar! Deleting...
[16-04-2023 20:29:18.169] [INFO] Deleted primutils-1.0.4-hotfix.jar.
[16-04-2023 20:29:18.170] [INFO] Found removed mod ProjectE-1.16.5-PE1.0.2.jar! Deleting...
[16-04-2023 20:29:18.170] [INFO] Deleted ProjectE-1.16.5-PE1.0.2.jar.
[16-04-2023 20:29:18.170] [INFO] Found removed mod ProjectIntelligence-1.16.5-1.1.0.35-universal.jar! Deleting...
[16-04-2023 20:29:18.171] [INFO] Deleted ProjectIntelligence-1.16.5-1.1.0.35-universal.jar.
[16-04-2023 20:29:18.171] [INFO] Found removed mod Psi 1.16-97.jar! Deleting...
[16-04-2023 20:29:18.171] [INFO] Deleted Psi 1.16-97.jar.
[16-04-2023 20:29:18.171] [INFO] Found removed mod PuzzlesLib-v1.0.15-1.16.5-Forge.jar! Deleting...
[16-04-2023 20:29:18.172] [INFO] Deleted PuzzlesLib-v1.0.15-1.16.5-Forge.jar.
[16-04-2023 20:29:18.172] [INFO] Found removed mod Quark-r2.4-322.jar! Deleting...
[16-04-2023 20:29:18.172] [INFO] Deleted Quark-r2.4-322.jar.
[16-04-2023 20:29:18.172] [INFO] Found removed mod randompatches-2.4.4-forge.jar! Deleting...
[16-04-2023 20:29:18.173] [INFO] Deleted randompatches-2.4.4-forge.jar.
[16-04-2023 20:29:18.173] [INFO] Found removed mod rats-7.1.1-1.16.5.jar! Deleting...
[16-04-2023 20:29:18.173] [INFO] Deleted rats-7.1.1-1.16.5.jar.
[16-04-2023 20:29:18.174] [INFO] Found removed mod redstone_arsenal-1.16.5-0.9.2b.5.jar! Deleting...
[16-04-2023 20:29:18.174] [INFO] Deleted redstone_arsenal-1.16.5-0.9.2b.5.jar.
[16-04-2023 20:29:18.174] [INFO] Found removed mod relics-1.16.5-0.3.4.4.jar! Deleting...
[16-04-2023 20:29:18.174] [INFO] Deleted relics-1.16.5-0.3.4.4.jar.
[16-04-2023 20:29:18.175] [INFO] Found removed mod remasteredprojecte-0.0.2.jar! Deleting...
[16-04-2023 20:29:18.175] [INFO] Deleted remasteredprojecte-0.0.2.jar.
[16-04-2023 20:29:18.176] [INFO] Found removed mod repurposed_structures_forge-3.4.7+1.16.5.jar! Deleting...
[16-04-2023 20:29:18.176] [INFO] Deleted repurposed_structures_forge-3.4.7+1.16.5.jar.
[16-04-2023 20:29:18.177] [INFO] Found removed mod ResourcefulBees-1.16.5-0.10.7.jar! Deleting...
[16-04-2023 20:29:18.177] [INFO] Deleted ResourcefulBees-1.16.5-0.10.7.jar.
[16-04-2023 20:29:18.177] [INFO] Found removed mod resourcefulbees-fabric-1.19.2-1.0.0-alpha.17+1681614722.jar! Deleting...
[16-04-2023 20:29:18.200] [INFO] Deleted resourcefulbees-fabric-1.19.2-1.0.0-alpha.17+1681614722.jar.
[16-04-2023 20:29:18.201] [INFO] Found removed mod rftoolsbase-1.16-2.1.5.jar! Deleting...
[16-04-2023 20:29:18.201] [INFO] Deleted rftoolsbase-1.16-2.1.5.jar.
[16-04-2023 20:29:18.201] [INFO] Found removed mod rftoolsutility-1.16-3.1.16.jar! Deleting...
[16-04-2023 20:29:18.201] [INFO] Deleted rftoolsutility-1.16-3.1.16.jar.
[16-04-2023 20:29:18.202] [INFO] Found removed mod rhino-forge-1605.1.5-build.75.jar! Deleting...
[16-04-2023 20:29:18.202] [INFO] Deleted rhino-forge-1605.1.5-build.75.jar.
[16-04-2023 20:29:18.202] [INFO] Found removed mod RoadRunner-mc1.16.5-1.4.1.jar! Deleting...
[16-04-2023 20:29:18.203] [INFO] Deleted RoadRunner-mc1.16.5-1.4.1.jar.
[16-04-2023 20:29:18.203] [INFO] Found removed mod RoughlyEnoughItems-9.1.595.jar! Deleting...
[16-04-2023 20:29:18.204] [INFO] Deleted RoughlyEnoughItems-9.1.595.jar.
[16-04-2023 20:29:18.204] [INFO] Found removed mod rubidium-0.5.5.jar! Deleting...
[16-04-2023 20:29:18.204] [INFO] Deleted rubidium-0.5.5.jar.
[16-04-2023 20:29:18.204] [INFO] Found removed mod sanguinearsenal-1.16.5-1.8.jar! Deleting...
[16-04-2023 20:29:18.205] [INFO] Deleted sanguinearsenal-1.16.5-1.8.jar.
[16-04-2023 20:29:18.205] [INFO] Found removed mod scannable-1.16.5-forge-1.7.6+00198b7.jar! Deleting...
[16-04-2023 20:29:18.205] [INFO] Deleted scannable-1.16.5-forge-1.7.6+00198b7.jar.
[16-04-2023 20:29:18.205] [INFO] Found removed mod selene-1.16.5-1.9.0.jar! Deleting...
[16-04-2023 20:29:18.206] [INFO] Deleted selene-1.16.5-1.9.0.jar.
[16-04-2023 20:29:18.206] [INFO] Found removed mod SereneSeasons-1.16.5-4.0.1.127-universal.jar! Deleting...
[16-04-2023 20:29:18.206] [INFO] Deleted SereneSeasons-1.16.5-4.0.1.127-universal.jar.
[16-04-2023 20:29:18.206] [INFO] Found removed mod serverconfigupdater-1.3.jar! Deleting...
[16-04-2023 20:29:18.207] [INFO] Deleted serverconfigupdater-1.3.jar.
[16-04-2023 20:29:18.207] [INFO] Found removed mod ShoulderSurfing-Forge-1.16.5-2.2.19.jar! Deleting...
[16-04-2023 20:29:18.209] [INFO] Deleted ShoulderSurfing-Forge-1.16.5-2.2.19.jar.
[16-04-2023 20:29:18.209] [INFO] Found removed mod Shrink-1.16.5-1.1.6.jar! Deleting...
[16-04-2023 20:29:18.209] [INFO] Deleted Shrink-1.16.5-1.1.6.jar.
[16-04-2023 20:29:18.210] [INFO] Found removed mod simpleplanes-1.16.5-4.6.0.jar! Deleting...
[16-04-2023 20:29:18.210] [INFO] Deleted simpleplanes-1.16.5-4.6.0.jar.
[16-04-2023 20:29:18.210] [INFO] Found removed mod simplytea-1.16.5-2.4.0.jar! Deleting...
[16-04-2023 20:29:18.211] [INFO] Deleted simplytea-1.16.5-2.4.0.jar.
[16-04-2023 20:29:18.211] [INFO] Found removed mod sophisticatedbackpacks-1.16.5-3.15.20.755.jar! Deleting...
[16-04-2023 20:29:18.212] [INFO] Deleted sophisticatedbackpacks-1.16.5-3.15.20.755.jar.
[16-04-2023 20:29:18.212] [INFO] Found removed mod Space-BossTools-1.16.5-5.5e.jar! Deleting...
[16-04-2023 20:29:18.212] [INFO] Deleted Space-BossTools-1.16.5-5.5e.jar.
[16-04-2023 20:29:18.212] [INFO] Found removed mod spark-1.9.1-forge.jar! Deleting...
[16-04-2023 20:29:18.213] [INFO] Deleted spark-1.9.1-forge.jar.
[16-04-2023 20:29:18.213] [INFO] Found removed mod SpawnerFix-1.16.2-1.0.0.2.jar! Deleting...
[16-04-2023 20:29:18.214] [INFO] Deleted SpawnerFix-1.16.2-1.0.0.2.jar.
[16-04-2023 20:29:18.214] [INFO] Found removed mod steampowered-1.16.5-1.2.6.jar! Deleting...
[16-04-2023 20:29:18.214] [INFO] Deleted steampowered-1.16.5-1.2.6.jar.
[16-04-2023 20:29:18.215] [INFO] Found removed mod StorageDrawers-1.16.3-8.5.2.jar! Deleting...
[16-04-2023 20:29:18.215] [INFO] Deleted StorageDrawers-1.16.3-8.5.2.jar.
[16-04-2023 20:29:18.215] [INFO] Found removed mod structure_gel-1.16.5-1.7.8.jar! Deleting...
[16-04-2023 20:29:18.216] [INFO] Deleted structure_gel-1.16.5-1.7.8.jar.
[16-04-2023 20:29:18.216] [INFO] Found removed mod structurize-1.16.5-1.0.418-ALPHA.jar! Deleting...
[16-04-2023 20:29:18.216] [INFO] Deleted structurize-1.16.5-1.0.418-ALPHA.jar.
[16-04-2023 20:29:18.217] [INFO] Found removed mod supermartijn642configlib-1.1.6-forge-mc1.16.jar! Deleting...
[16-04-2023 20:29:18.225] [INFO] Deleted supermartijn642configlib-1.1.6-forge-mc1.16.jar.
[16-04-2023 20:29:18.225] [INFO] Found removed mod supermartijn642corelib-1.1.1-forge-mc1.16.jar! Deleting...
[16-04-2023 20:29:18.226] [INFO] Deleted supermartijn642corelib-1.1.1-forge-mc1.16.jar.
[16-04-2023 20:29:18.226] [INFO] Found removed mod supplementaries-1.16.5-0.18.4b.jar! Deleting...
[16-04-2023 20:29:18.226] [INFO] Deleted supplementaries-1.16.5-0.18.4b.jar.
[16-04-2023 20:29:18.227] [INFO] Found removed mod swoodarmor-0.0.3.jar! Deleting...
[16-04-2023 20:29:18.229] [INFO] Deleted swoodarmor-0.0.3.jar.
[16-04-2023 20:29:18.230] [INFO] Found removed mod table_top_craft-1.16-1.2.1.jar! Deleting...
[16-04-2023 20:29:18.231] [INFO] Deleted table_top_craft-1.16-1.2.1.jar.
[16-04-2023 20:29:18.232] [INFO] Found removed mod TConstruct-1.16.5-3.3.4.335.jar! Deleting...
[16-04-2023 20:29:18.232] [INFO] Deleted TConstruct-1.16.5-3.3.4.335.jar.
[16-04-2023 20:29:18.232] [INFO] Found removed mod TenshiLib-1.16.3-1.3.0.jar! Deleting...
[16-04-2023 20:29:18.233] [INFO] Deleted TenshiLib-1.16.3-1.3.0.jar.
[16-04-2023 20:29:18.234] [INFO] Found removed mod theoneprobe-1.16-3.1.7.jar! Deleting...
[16-04-2023 20:29:18.234] [INFO] Deleted theoneprobe-1.16-3.1.7.jar.
[16-04-2023 20:29:18.234] [INFO] Found removed mod thermal_expansion-1.16.5-1.5.2.16.jar! Deleting...
[16-04-2023 20:29:18.235] [INFO] Deleted thermal_expansion-1.16.5-1.5.2.16.jar.
[16-04-2023 20:29:18.235] [INFO] Found removed mod thermal_foundation-1.16.5-1.5.2.30.jar! Deleting...
[16-04-2023 20:29:18.236] [INFO] Deleted thermal_foundation-1.16.5-1.5.2.30.jar.
[16-04-2023 20:29:18.236] [INFO] Found removed mod thermal_innovation-1.16.5-1.5.0.4.jar! Deleting...
[16-04-2023 20:29:18.236] [INFO] Deleted thermal_innovation-1.16.5-1.5.0.4.jar.
[16-04-2023 20:29:18.237] [INFO] Found removed mod thitemstages-0.0.82-hotfix.jar! Deleting...
[16-04-2023 20:29:18.237] [INFO] Deleted thitemstages-0.0.82-hotfix.jar.
[16-04-2023 20:29:18.238] [INFO] Found removed mod tinker_rapier-1.1.4-1.16.5.jar! Deleting...
[16-04-2023 20:29:18.239] [INFO] Deleted tinker_rapier-1.1.4-1.16.5.jar.
[16-04-2023 20:29:18.239] [INFO] Found removed mod titanium-1.16.5-3.2.8.7-22.jar! Deleting...
[16-04-2023 20:29:18.239] [INFO] Deleted titanium-1.16.5-3.2.8.7-22.jar.
[16-04-2023 20:29:18.240] [INFO] Found removed mod topaddons-1.16.5-2.2.0-beta.jar! Deleting...
[16-04-2023 20:29:18.240] [INFO] Deleted topaddons-1.16.5-2.2.0-beta.jar.
[16-04-2023 20:29:18.241] [INFO] Found removed mod torchslabmod-1.16.4_v1.6.19.jar! Deleting...
[16-04-2023 20:29:18.241] [INFO] Deleted torchslabmod-1.16.4_v1.6.19.jar.
[16-04-2023 20:29:18.241] [INFO] Found removed mod Transport-1.16.5-3.7.0.jar! Deleting...
[16-04-2023 20:29:18.242] [INFO] Deleted Transport-1.16.5-3.7.0.jar.
[16-04-2023 20:29:18.242] [INFO] Found removed mod trashcans-1.0.16-forge-mc1.16.jar! Deleting...
[16-04-2023 20:29:18.243] [INFO] Deleted trashcans-1.0.16-forge-mc1.16.jar.
[16-04-2023 20:29:18.243] [INFO] Found removed mod TrashSlot_1.16.3-12.2.1.jar! Deleting...
[16-04-2023 20:29:18.243] [INFO] Deleted TrashSlot_1.16.3-12.2.1.jar.
[16-04-2023 20:29:18.244] [INFO] Found removed mod treeharvester_1.16.5-5.9.jar! Deleting...
[16-04-2023 20:29:18.245] [INFO] Deleted treeharvester_1.16.5-5.9.jar.
[16-04-2023 20:29:18.245] [INFO] Found removed mod twilightforest-1.16.5-4.0.870-universal.jar! Deleting...
[16-04-2023 20:29:18.246] [INFO] Deleted twilightforest-1.16.5-4.0.870-universal.jar.
[16-04-2023 20:29:18.246] [INFO] Found removed mod valkyrielib-1.16.5-3.0.9.5.jar! Deleting...
[16-04-2023 20:29:18.247] [INFO] Deleted valkyrielib-1.16.5-3.0.9.5.jar.
[16-04-2023 20:29:18.247] [INFO] Found removed mod wateringcans-1.16.5-0.1.jar! Deleting...
[16-04-2023 20:29:18.248] [INFO] Deleted wateringcans-1.16.5-0.1.jar.
[16-04-2023 20:29:18.248] [INFO] Found removed mod WaterStrainer-1.16.3-10.0.0.jar! Deleting...
[16-04-2023 20:29:18.248] [INFO] Deleted WaterStrainer-1.16.3-10.0.0.jar.
[16-04-2023 20:29:18.249] [INFO] Found removed mod woodenhopper-1.16.5-1.2.0.0.jar! Deleting...
[16-04-2023 20:29:18.250] [INFO] Deleted woodenhopper-1.16.5-1.2.0.0.jar.
[16-04-2023 20:29:18.250] [INFO] Found removed mod xercamusic-1.16.5-2.0.2.jar! Deleting...
[16-04-2023 20:29:18.250] [INFO] Deleted xercamusic-1.16.5-2.0.2.jar.
[16-04-2023 20:29:18.251] [INFO] Found removed mod YungsApi-1.16.4-Forge-13.jar! Deleting...
[16-04-2023 20:29:18.253] [INFO] Deleted YungsApi-1.16.4-Forge-13.jar.
[16-04-2023 20:29:18.254] [INFO] Check for removed mods done.
[16-04-2023 20:29:18.255] [INFO] Removed 251 mods!
[16-04-2023 20:29:18.255] [INFO] Starting download process...
[16-04-2023 20:29:18.257] [INFO] Started downloading ldlib-fabric-1.19.2-1.0.4.e.jar ...
[16-04-2023 20:29:22.178] [INFO] Finished downloading ldlib-fabric-1.19.2-1.0.4.e.jar (Took 3,91s)
[16-04-2023 20:29:22.179] [INFO] Verifying ldlib-fabric-1.19.2-1.0.4.e.jar after download...
[16-04-2023 20:29:22.180] [INFO] Verification of ldlib-fabric-1.19.2-1.0.4.e.jar was successful!
[16-04-2023 20:29:22.181] [INFO] Finished downloading process.
[16-04-2023 20:29:22.182] [INFO] Finished syncing profile!
[16-04-2023 20:29:22.184] [INFO] Sync took 5.417s
