[19:57:30] [INIT] KubeJS 2001.6.4-build.138; MC 2001 forge
[19:57:30] [INIT] Loaded plugins:
[19:57:30] [INIT] - dev.latvian.mods.kubejs.forge.BuiltinKubeJSForgePlugin
[19:57:30] [INIT] - dev.latvian.mods.kubejs.forge.BuiltinKubeJSForgeClientPlugin
[19:57:30] [INIT] - com.lowdragmc.lowdraglib.kjs.LDLibKubeJSPlugin
[19:57:30] [INIT] - com.blakebr0.cucumber.compat.kubejs.CucumberKubeJSPlugin
[19:57:30] [INIT] - com.gregtechceu.gtceu.integration.kjs.GregTechKubeJSPlugin
[19:57:30] [INIT] - net.cathienova.kubejsbloodmagic.KubeJSBloodMagicPlugin
[19:57:30] [INIT] - com.klikli_dev.occultism_kubejs.KubeJSOccultismPlugin
[19:57:31] [INFO] Loaded script server_scripts:mods/bloodmagic/meteors.js in 0.002 s
[19:57:31] [INFO] Loaded script server_scripts:mods/Új mappa/resource_gen/meow_meow.js in 0.0 s
[19:57:31] [INFO] Loaded 2/2 KubeJS server scripts in 0.013 s with 0 errors and 0 warnings
[19:57:31] [INFO] Scripts loaded
[19:57:31] [INFO] Initializing recipe event...
[19:57:32] [INFO] [minecraft:block] Found 1517 tags, added 4 objects, removed 0 objects
[19:57:35] [INFO] Processing recipes...
[19:57:35] [INFO] Found 38700 recipes in 426.9 ms
[19:57:35] [ERROR] ! mods/Új mappa/resource_gen/meow_meow.js#5: Error in 'ServerEvents.recipes': TypeError: Cannot find default value for object.
[19:57:35] [INFO] Posted recipe events in 6.689 ms
[19:57:35] [WARN] Error parsing recipe forbidden_arcanus:aurum_chest_boat[minecraft:crafting_shapeless]: {"type":"minecraft:crafting_shapeless","category":"misc","ingredients":[{"item":"forbidden_arcanus:aurum_boat"},{"fabric_value":{"tag":"c:chests"},"forge_value":{"tag":"forge:chests/wooden"}}],"result":{"item":"forbidden_arcanus:aurum_chest_boat"}}: An ingredient entry needs either a tag or an item
[19:57:35] [WARN] Error parsing recipe forbidden_arcanus:edelwood_chest_boat[minecraft:crafting_shapeless]: {"type":"minecraft:crafting_shapeless","category":"misc","ingredients":[{"item":"forbidden_arcanus:edelwood_boat"},{"fabric_value":{"tag":"c:chests"},"forge_value":{"tag":"forge:chests/wooden"}}],"result":{"item":"forbidden_arcanus:edelwood_chest_boat"}}: An ingredient entry needs either a tag or an item
[19:57:35] [INFO] Added 0 recipes, removed 0 recipes, modified 8 recipes, with 2 failed recipes in 450.3 ms
[19:57:36] [INFO] Server resource reload complete!
