[23:05:48] [INIT] KubeJS 2001.6.4-build.127; MC 2001 forge
[23:05:48] [INIT] Loaded plugins:
[23:05:48] [INIT] - dev.latvian.mods.kubejs.forge.BuiltinKubeJSForgePlugin
[23:05:48] [INIT] - dev.latvian.mods.kubejs.forge.BuiltinKubeJSForgeClientPlugin
[23:05:48] [INIT] - com.blakebr0.cucumber.compat.kubejs.CucumberKubeJSPlugin
[23:05:48] [INIT] - pie.ilikepiefoo.AdditionsPlugin
[23:05:48] [INIT] - com.bobvarioa.kubejsreiruntime.integrations.kube.KubePlugin
[23:05:48] [INIT] - com.almostreliable.kubeio.kube.KubePlugin
[23:05:48] [INIT] - com.gregtechceu.gtceu.integration.kjs.GregTechKubeJSPlugin
[23:05:48] [INIT] - com.lowdragmc.lowdraglib.kjs.LDLibKubeJSPlugin
[23:05:48] [INIT] - pie.ilikepiefoo.kubejsoffline.OfflinePlugin
[23:05:48] [INIT] - argent_matter.gcyr.integration.kjs.GCyRKubeJSPlugin
[23:05:48] [INIT] - com.prunoideae.KubeJSBotaniaPlugin
[23:05:48] [INIT] - com.almostreliable.lootjs.kube.LootJSPlugin
[23:05:49] [INFO] Loaded script startup_scripts:mods/gtceu/extra_stuff_etc.js in 0.049 s
[23:05:49] [INFO] mods/gtceu/ore_registry.js#1: Loaded Java class 'dev.latvian.mods.kubejs.util.UtilsJS'
[23:05:49] [INFO] Loaded script startup_scripts:mods/gtceu/ore_registry.js in 0.003 s
[23:05:49] [INFO] Loaded 2/2 KubeJS startup scripts in 0.76 s with 0 errors and 0 warnings
[23:05:49] [WARN] mods/gtceu/extra_stuff_etc.js#8: blockBuilder.material(string) is no longer supported! Use .soundType(SoundType) and .mapColor(MapColor) instead!
[23:05:49] [WARN] mods/gtceu/extra_stuff_etc.js#16: blockBuilder.material(string) is no longer supported! Use .soundType(SoundType) and .mapColor(MapColor) instead!
