[16:45:28] [main/INFO]: Loading Minecraft 1.20.1 with Fabric Loader 0.14.22
[16:45:28] [ForkJoinPool-1-worker-10/WARN]: Mod io_netty_netty-handler-proxy uses the version 4.1.82.Final which isn't compatible with Loader's extended semantic version format (Could not parse version number component 'Final'!), SemVer is recommended for reliably evaluating dependencies and prioritizing newer version
[16:45:28] [ForkJoinPool-1-worker-10/WARN]: Mod io_netty_netty-codec-socks uses the version 4.1.82.Final which isn't compatible with Loader's extended semantic version format (Could not parse version number component 'Final'!), SemVer is recommended for reliably evaluating dependencies and prioritizing newer version
[16:45:28] [ForkJoinPool-1-worker-10/WARN]: Mod io_netty_netty-codec-http uses the version 4.1.82.Final which isn't compatible with Loader's extended semantic version format (Could not parse version number component 'Final'!), SemVer is recommended for reliably evaluating dependencies and prioritizing newer version
[16:45:29] [ForkJoinPool-1-worker-10/WARN]: Mod gtceu uses the version 1.0.12.g-build_215 which isn't compatible with Loader's extended semantic version format (Invalid prerelease string 'build_215'!), SemVer is recommended for reliably evaluating dependencies and prioritizing newer version
[16:45:29] [ForkJoinPool-1-worker-10/WARN]: Mod ldlib uses the version 1.0.19.d which isn't compatible with Loader's extended semantic version format (Could not parse version number component 'd'!), SemVer is recommended for reliably evaluating dependencies and prioritizing newer version
[16:45:31] [main/WARN]: Warnings were found!
 - Mod 'AntiGhost' (antighost) 1.20-fabric0.83.0-1.1.5 recommends any version of modmenu, which is missing!
	 - You should install any version of modmenu for the optimal experience.
 - Mod 'Debugify' (debugify) 1.20.1+2.0 recommends any 3.x version of yet-another-config-lib, which is missing!
	 - You should install any 3.x version of yet-another-config-lib for the optimal experience.
 - Mod 'Debugify' (debugify) 1.20.1+2.0 recommends any version of modmenu, which is missing!
	 - You should install any version of modmenu for the optimal experience.
 - Mod 'LambDynamicLights' (lambdynlights) 2.3.2+1.20.1 recommends version 7.0.1 or later of modmenu, which is missing!
	 - You should install version 7.0.1 or later of modmenu for the optimal experience.
 - Mod 'LambDynamicLights' (lambdynlights) 2.3.2+1.20.1 recommends version 0.19.1 or later of quilt_loader, which is missing!
	 - You should install version 0.19.1 or later of quilt_loader for the optimal experience.
 - Mod 'Taterzens' (taterzens) 1.11.7 recommends version 1.2.1 or later of disguiselib, which is missing!
	 - You should install version 1.2.1 or later of disguiselib for the optimal experience.
[16:45:31] [main/INFO]: Loading 293 mods:
	- ad_astra 1.15.4
	- ae2 15.0.11
	   \-- team_reborn_energy 3.0.0
	- ae2wtlib 15.0.1-beta
	- antighost 1.20-fabric0.83.0-1.1.5
	   \-- crowdin-translate 1.4+1.19.3
	- appleskin 2.5.1+mc1.20
	- architectury 9.1.12
	- attributefix 21.0.2
	- authme 7.0.2+1.20
	- bcc 4.0.8
	- betteradvancements 0.3.2.161
	- betterpingdisplay 1.1.1
	- bettertags 1.20.1-Fabric-1.3
	- betterthirdperson 1.9.0
	- blur 3.1.0
	- bookshelf 20.0.5
	- botania 1.20.1-441-FABRIC-SNAPSHOT
	   |-- fiber 0.23.0-2
	   |-- reach-entity-attributes 2.4.0
	   \-- step-height-entity-attribute 1.2.0
	- botarium 2.2.0
	   \-- team_reborn_energy 3.0.0
	- bwncr 3.17.0
	- catalogue 1.8.0
	- chat_heads 0.10.22
	- chisel 1.6
	   \-- templates 2.1.1+1.20.1
	- cloth-config 11.1.106
	   \-- cloth-basic-math 0.6.1
	- clumps 12.0.0.3
	- completeconfig 2.5.0
	   |-- completeconfig-base 2.5.0
	   |-- completeconfig-gui-cloth 2.5.0
	   \-- completeconfig-gui-yacl 2.5.0
	- computercraft 1.108.0
	   |-- com_jcraft_jzlib 1.1.3
	   |-- io_netty_netty-codec-http 4.1.82.Final
	   |-- io_netty_netty-codec-socks 4.1.82.Final
	   |-- io_netty_netty-handler-proxy 4.1.82.Final
	   \-- org_squiddev_cobalt 0.7.3
	- continuity 3.0.0-beta.3+1.20.1
	- controlling 12.0.2
	- corgilib 4.0.0.4
	   |-- com_electronwill_night-config_core 3.6.6
	   \-- com_electronwill_night-config_toml 3.6.6
	- craftpresence 2.2.3
	   \-- fabric-resource-loader-v0 0.11.9+132c48c177
	- creativecore 2.10.28
	   \-- net_minecraftforge_eventbus 6.0.3
	- creeperoverhaul 3.0.1
	- croptopia 2.3.2
	   |-- com_typesafe_config 1.4.1
	   |-- io_leangen_geantyref_geantyref 1.3.11
	   |-- org_spongepowered_configurate-core 4.1.2
	   \-- org_spongepowered_configurate-hocon 4.1.2
	- culinaryconstruct 5.2.0+1.20.1
	   \-- spectrelib 0.13.13+1.20.1
	- cull-less-leaves 1.3.0
	- cullleaves 3.2.0
	- cupboard 1.20.1-2.0
	- darkmodeeverywhere 1.20.1-1.2.2
	- darkutils 17.0.2
	- debugify 1.20.1+2.0
	- ding 1.4.1
	- disable_custom_worlds_advice 4.1
	- dml-refabricated 0.5.14-BETA+1.20.1
	   |-- dml-refabricated-base 0.5.14-BETA+1.20.1
	   |    |-- ktdatataglib 1.6.7+1.20.1
	   |    \-- libgui 8.0.0-beta.1+1.20-rc1
	   |         |-- jankson 5.0.1+j1.2.2
	   |         |    \-- blue_endless_jankson 1.2.2
	   |         \-- libninepatch 1.2.0
	   |-- dml-refabricated-modular-armor 0.5.14-BETA+1.20.1
	   |    |-- ktdatataglib 1.6.7+1.20.1
	   |    |-- libgui 8.0.0-beta.1+1.20-rc1
	   |    |    |-- jankson 5.0.1+j1.2.2
	   |    |    |    \-- blue_endless_jankson 1.2.2
	   |    |    \-- libninepatch 1.2.0
	   |    \-- playerabilitylib 1.8.0
	   |-- dmlsimulacrum 0.5.14-BETA+1.20.1
	   |    \-- ktdatataglib 1.6.7+1.20.1
	   \-- ktdatataglib 1.6.7+1.20.1
	- dragonfight 1.20.1-4.1
	- early-loading-screen 0.1.0
	   \-- springboard 0.2.18
	- eatinganimationid 1.9.4+1.20
	- elytraslot 6.3.0+1.20.1
	- enchdesc 17.0.8
	- enhancedcelestials 5.0.0.2
	- entity_texture_features 4.5.1
	   \-- org_apache_httpcomponents_httpmime 4.5.10
	- entityculling 1.6.2-mc1.20.1
	- experiencebugfix 2
	- extended_drawers 2.0.6+mc.1.20.1
	   |-- com_github_llamalad7_mixinextras 0.2.0-rc.5
	   |-- config_toolkit 1.0.0
	   |    |-- io_determann_shadow-api-17 0.1.1
	   |    \-- net_fabricmc_javapoet 0.1.0
	   |-- graphlib 1.4.0+1.20
	   |    |-- kmodlib-overlay 0.2.12+1.20
	   |    \-- libnetworkstack 0.10.0
	   \-- noindium 1.1.0+1.20
	- fabric-api 0.89.3+1.20.1
	   |-- fabric-api-base 0.4.30+7abfd51577
	   |-- fabric-api-lookup-api-v1 1.6.35+4d8536c977
	   |-- fabric-biome-api-v1 13.0.11+0737cd8077
	   |-- fabric-block-api-v1 1.0.10+92a0d36777
	   |-- fabric-block-view-api-v2 1.0.0+92a0d36777
	   |-- fabric-blockrenderlayer-v1 1.1.40+b3afc78b77
	   |-- fabric-client-tags-api-v1 1.1.1+97bb207577
	   |-- fabric-command-api-v1 1.2.33+f71b366f77
	   |-- fabric-command-api-v2 2.2.12+b3afc78b77
	   |-- fabric-commands-v0 0.2.50+df3654b377
	   |-- fabric-containers-v0 0.1.63+df3654b377
	   |-- fabric-content-registries-v0 4.0.10+57aed33f77
	   |-- fabric-convention-tags-v1 1.5.4+a1a980da77
	   |-- fabric-crash-report-info-v1 0.2.18+aeb40ebe77
	   |-- fabric-data-generation-api-v1 12.3.1+0889cb7877
	   |-- fabric-dimensions-v1 2.1.53+8536527b77
	   |-- fabric-entity-events-v1 1.5.22+b3afc78b77
	   |-- fabric-events-interaction-v0 0.6.1+e91849a877
	   |-- fabric-events-lifecycle-v0 0.2.62+df3654b377
	   |-- fabric-game-rule-api-v1 1.0.38+b04edc7a77
	   |-- fabric-item-api-v1 2.1.27+b3afc78b77
	   |-- fabric-item-group-api-v1 4.0.10+23d9108177
	   |-- fabric-key-binding-api-v1 1.0.36+fb8d95da77
	   |-- fabric-keybindings-v0 0.2.34+df3654b377
	   |-- fabric-lifecycle-events-v1 2.2.21+b3afc78b77
	   |-- fabric-loot-api-v2 1.1.39+b3afc78b77
	   |-- fabric-loot-tables-v1 1.1.43+9e7660c677
	   |-- fabric-message-api-v1 5.1.7+3265161977
	   |-- fabric-mining-level-api-v1 2.1.49+b3afc78b77
	   |-- fabric-model-loading-api-v1 1.0.2+709a987177
	   |-- fabric-models-v0 0.4.1+9386d8a777
	   |-- fabric-networking-api-v1 1.3.10+eeb8eb3677
	   |-- fabric-networking-v0 0.3.50+df3654b377
	   |-- fabric-object-builder-api-v1 11.1.1+6beca84877
	   |-- fabric-particles-v1 1.1.1+201a23a077
	   |-- fabric-recipe-api-v1 1.0.20+b3afc78b77
	   |-- fabric-registry-sync-v0 2.3.2+4df89eb277
	   |-- fabric-renderer-api-v1 3.2.0+39a511ba77
	   |-- fabric-renderer-indigo 1.5.0+39a511ba77
	   |-- fabric-renderer-registries-v1 3.2.45+df3654b377
	   |-- fabric-rendering-data-attachment-v1 0.3.36+92a0d36777
	   |-- fabric-rendering-fluids-v1 3.0.27+b3afc78b77
	   |-- fabric-rendering-v0 1.1.48+df3654b377
	   |-- fabric-rendering-v1 3.0.7+b3afc78b77
	   |-- fabric-resource-conditions-api-v1 2.3.5+ea08f9d877
	   |-- fabric-screen-api-v1 2.0.7+b3afc78b77
	   |-- fabric-screen-handler-api-v1 1.3.29+b3afc78b77
	   |-- fabric-sound-api-v1 1.0.12+b3afc78b77
	   |-- fabric-transfer-api-v1 3.3.1+195226a777
	   \-- fabric-transitive-access-wideners-v1 4.3.0+6c31357e77
	- fabric-language-kotlin 1.10.10+kotlin.1.9.10
	   |-- org_jetbrains_kotlin_kotlin-reflect 1.9.10
	   |-- org_jetbrains_kotlin_kotlin-stdlib 1.9.10
	   |-- org_jetbrains_kotlin_kotlin-stdlib-jdk7 1.9.10
	   |-- org_jetbrains_kotlin_kotlin-stdlib-jdk8 1.9.10
	   |-- org_jetbrains_kotlinx_atomicfu-jvm 0.22.0
	   |-- org_jetbrains_kotlinx_kotlinx-coroutines-core-jvm 1.7.3
	   |-- org_jetbrains_kotlinx_kotlinx-coroutines-jdk8 1.7.3
	   |-- org_jetbrains_kotlinx_kotlinx-datetime-jvm 0.4.0
	   |-- org_jetbrains_kotlinx_kotlinx-serialization-cbor-jvm 1.6.0
	   |-- org_jetbrains_kotlinx_kotlinx-serialization-core-jvm 1.6.0
	   \-- org_jetbrains_kotlinx_kotlinx-serialization-json-jvm 1.6.0
	- fabricloader 0.14.22
	- fancymenu 2.14.9
	- farmersdelight 1.20.1-1.4.2
	- ferritecore 6.0.0
	- forgeconfigapiport 8.0.0
	- ftbchunks 2001.2.2
	- ftblibrary 2001.1.3
	- ftbquests 2001.1.5
	   \-- team_reborn_energy 3.0.0
	- ftbteams 2001.1.4
	- geckolib 4.2.3
	   \-- com_eliotlash_mclib_mclib 20
	- gtceu 1.0.12.g-build_215
	   |-- configuration 2.2.0
	   |-- ldlib 1.0.19.d
	   \-- registrate-fabric 1.3.59-MC1.20
	- iceberg 1.1.15
	- inventorysorter 1.9.0-1.20
	   \-- kyrptconfig 1.5.6-1.20
	- ironchests 5.0.2
	- itemfilters 2001.1.0-build.55
	- itemphysic 1.6.11
	- jade 11.6.1
	- jamlib 0.6.1+1.20.x
	- java 17
	- konkrete 1.6.1
	- kubejs 2001.6.3-build.52
	- lambdynlights 2.3.2+1.20.1
	   |-- pride 1.2.0+1.19.4
	   \-- spruceui 5.0.0+1.20
	- languagereload 1.5.9+1.20.1
	- lazydfu 0.1.3
	- leavesbegone 8.0.0
	- legendarytooltips 1.4.4
	- lightoverlay 8.0.0
	- lootjs 2.10.3
	- lootr 0.7.29.75
	- lychee 5.0.2
	- magnumtorch 8.0.0
	- maxhealthfix 12.0.2
	- megacells 2.1.5-1.20.1
	- merequester 1.20.1-1.1.4
	- midnightlib 1.4.1
	- minecraft 1.20.1
	- modernfix 5.7.5+mc1.20.1
	- moonlight 1.20-2.8.40
	- mousetweaks 2.25
	- nochatreports 1.20.1-v2.2.2
	- patchouli 1.20.1-81-FABRIC
	   \-- fiber 0.23.0-2
	- pigpen 15.0.2
	- polylib 1200.0.2-build.85
	- polymorph 0.49.0+1.20.1
	   |-- cardinal-components-block 5.2.1
	   |-- cardinal-components-item 5.2.1
	   \-- spectrelib 0.13.13+1.20.1
	- prism 1.0.5
	- puzzleslib 8.0.24
	- resourcefulconfig 2.1.0
	- resourcefullib 2.1.11
	   |-- com_teamresourceful_bytecodecs 1.0.2
	   \-- com_teamresourceful_yabn 1.0.3
	- rhino 2001.2.2-build.6
	- rightclickharvest 3.2.3+1.19.x-1.20.1-fabric
	- roughlyenoughitems 12.0.665
	   \-- error_notifier 1.0.9
	- runelic 18.0.2
	- satin 1.14.0
	- searchables 1.0.1
	- skinlayers 1.5.4-mc1.20.1
	- spark 1.10.42
	   \-- fabric-permissions-api-v0 0.1-SNAPSHOT
	- starlight 1.1.2+fabric.dbc156f
	- supermartijn642configlib 1.1.8
	- supermartijn642corelib 1.1.14
	- taterzens 1.11.7
	   |-- config2brigadier 1.2.6
	   |-- fabric-permissions-api-v0 0.1-SNAPSHOT
	   |-- polymer-registry-sync-manipulator 0.5.0-rc.2+1.20-rc1
	   |-- server_translations_api 2.0.0-beta.2+1.19.4-pre2
	   |    \-- packet_tweaker 0.3.1+23w06a
	   \-- sgui 1.2.2+1.20
	- tcdcommons 3.0.0-alpha.3+fabric-1.20.1
	- tconstruct 1.20.1-3.6.3.232
	   |-- dripstone_fluid_lib 3.0.1
	   |-- mantle 1.20.1-1.9.254
	   |    |-- cardinal-components-base 5.2.2
	   |    |-- cardinal-components-entity 5.2.2
	   |    |-- com_google_code_findbugs_jsr305 3.0.2
	   |    \-- star 1.5.1+1.20.1
	   |-- milk 1.2.58
	   \-- porting_lib 2.1.1139+1.20-entity-refactor
	        |-- mm 2.3
	        |-- porting_lib_accessors 2.1.1139+1.20-entity-refactor
	        |-- porting_lib_asm 2.1.1139+1.20-entity-refactor
	        |-- porting_lib_attributes 2.1.1139+1.20-entity-refactor
	        |-- porting_lib_base 2.1.1139+1.20-entity-refactor
	        |-- porting_lib_brewing 2.1.1139+1.20-entity-refactor
	        |-- porting_lib_chunk_loading 2.1.1139+1.20-entity-refactor
	        |-- porting_lib_client_events 2.1.1139+1.20-entity-refactor
	        |-- porting_lib_common 2.1.1139+1.20-entity-refactor
	        |-- porting_lib_config 2.1.1139+1.20-entity-refactor
	        |-- porting_lib_core 2.1.1139+1.20-entity-refactor
	        |-- porting_lib_data 2.1.1139+1.20-entity-refactor
	        |-- porting_lib_entity 2.1.1139+1.20-entity-refactor
	        |-- porting_lib_extensions 2.1.1139+1.20-entity-refactor
	        |-- porting_lib_fluids 2.1.1139+1.20-entity-refactor
	        |-- porting_lib_gametest 2.1.1139+1.20-entity-refactor
	        |-- porting_lib_items 2.1.1139+1.20-entity-refactor
	        |-- porting_lib_lazy_registration 2.1.1139+1.20-entity-refactor
	        |-- porting_lib_loot 2.1.1139+1.20-entity-refactor
	        |-- porting_lib_mixin_extensions 2.1.1139+1.20-entity-refactor
	        |-- porting_lib_model_builders 2.1.1139+1.20-entity-refactor
	        |-- porting_lib_model_generators 2.1.1139+1.20-entity-refactor
	        |-- porting_lib_model_loader 2.1.1139+1.20-entity-refactor
	        |-- porting_lib_model_materials 2.1.1139+1.20-entity-refactor
	        |-- porting_lib_models 2.1.1139+1.20-entity-refactor
	        |-- porting_lib_networking 2.1.1139+1.20-entity-refactor
	        |-- porting_lib_obj_loader 2.1.1139+1.20-entity-refactor
	        |-- porting_lib_recipe_book_categories 2.1.1139+1.20-entity-refactor
	        |-- porting_lib_registries 2.1.1139+1.20-entity-refactor
	        |-- porting_lib_tags 3.0
	        |-- porting_lib_tool_actions 2.1.1139+1.20-entity-refactor
	        |-- porting_lib_transfer 2.1.1139+1.20-entity-refactor
	        \-- porting_lib_utility 2.1.1139+1.20-entity-refactor
	- toms_storage 1.6.4
	- trinkets 3.7.1
	- visualworkbench 8.0.0
	- worldedit 7.2.15+6463-5ca4dff
	- yawp 0.0.2.9-beta3
	- yet_another_config_lib_v3 3.2.1+1.20
	   |-- com_twelvemonkeys_common_common-image 3.10.0-SNAPSHOT
	   |-- com_twelvemonkeys_common_common-io 3.10.0-SNAPSHOT
	   |-- com_twelvemonkeys_common_common-lang 3.10.0-SNAPSHOT
	   |-- com_twelvemonkeys_imageio_imageio-core 3.10.0-SNAPSHOT
	   |-- com_twelvemonkeys_imageio_imageio-metadata 3.10.0-SNAPSHOT
	   |-- com_twelvemonkeys_imageio_imageio-webp 3.10.0-SNAPSHOT
	   |-- org_quiltmc_parsers_gson 0.2.1
	   \-- org_quiltmc_parsers_json 0.2.1
[16:45:37] [main/INFO]: Loading Minecraft 1.20.1 with Fabric Loader 0.14.22
[16:45:37] [ForkJoinPool-2-worker-1/WARN]: Mod io_netty_netty-handler-proxy uses the version 4.1.82.Final which isn't compatible with Loader's extended semantic version format (Could not parse version number component 'Final'!), SemVer is recommended for reliably evaluating dependencies and prioritizing newer version
[16:45:37] [ForkJoinPool-2-worker-2/WARN]: Mod io_netty_netty-codec-socks uses the version 4.1.82.Final which isn't compatible with Loader's extended semantic version format (Could not parse version number component 'Final'!), SemVer is recommended for reliably evaluating dependencies and prioritizing newer version
[16:45:37] [ForkJoinPool-2-worker-5/WARN]: Mod io_netty_netty-codec-http uses the version 4.1.82.Final which isn't compatible with Loader's extended semantic version format (Could not parse version number component 'Final'!), SemVer is recommended for reliably evaluating dependencies and prioritizing newer version
[16:45:37] [ForkJoinPool-2-worker-10/WARN]: Mod gtceu uses the version 1.0.12.g-build_215 which isn't compatible with Loader's extended semantic version format (Invalid prerelease string 'build_215'!), SemVer is recommended for reliably evaluating dependencies and prioritizing newer version
[16:45:37] [ForkJoinPool-2-worker-11/WARN]: Mod ldlib uses the version 1.0.19.d which isn't compatible with Loader's extended semantic version format (Could not parse version number component 'd'!), SemVer is recommended for reliably evaluating dependencies and prioritizing newer version
[16:45:37] [main/WARN]: Warnings were found!
 - Mod 'AntiGhost' (antighost) 1.20-fabric0.83.0-1.1.5 recommends any version of modmenu, which is missing!
	 - You should install any version of modmenu for the optimal experience.
 - Mod 'Debugify' (debugify) 1.20.1+2.0 recommends any 3.x version of yet-another-config-lib, which is missing!
	 - You should install any 3.x version of yet-another-config-lib for the optimal experience.
 - Mod 'Debugify' (debugify) 1.20.1+2.0 recommends any version of modmenu, which is missing!
	 - You should install any version of modmenu for the optimal experience.
 - Mod 'LambDynamicLights' (lambdynlights) 2.3.2+1.20.1 recommends version 7.0.1 or later of modmenu, which is missing!
	 - You should install version 7.0.1 or later of modmenu for the optimal experience.
 - Mod 'LambDynamicLights' (lambdynlights) 2.3.2+1.20.1 recommends version 0.19.1 or later of quilt_loader, which is missing!
	 - You should install version 0.19.1 or later of quilt_loader for the optimal experience.
 - Mod 'Taterzens' (taterzens) 1.11.7 recommends version 1.2.1 or later of disguiselib, which is missing!
	 - You should install version 1.2.1 or later of disguiselib for the optimal experience.
[16:45:37] [main/INFO]: Loading 293 mods:
	- ad_astra 1.15.4
	- ae2 15.0.11
	   \-- team_reborn_energy 3.0.0
	- ae2wtlib 15.0.1-beta
	- antighost 1.20-fabric0.83.0-1.1.5
	   \-- crowdin-translate 1.4+1.19.3
	- appleskin 2.5.1+mc1.20
	- architectury 9.1.12
	- attributefix 21.0.2
	- authme 7.0.2+1.20
	- bcc 4.0.8
	- betteradvancements 0.3.2.161
	- betterpingdisplay 1.1.1
	- bettertags 1.20.1-Fabric-1.3
	- betterthirdperson 1.9.0
	- blur 3.1.0
	- bookshelf 20.0.5
	- botania 1.20.1-441-FABRIC-SNAPSHOT
	   |-- fiber 0.23.0-2
	   |-- reach-entity-attributes 2.4.0
	   \-- step-height-entity-attribute 1.2.0
	- botarium 2.2.0
	   \-- team_reborn_energy 3.0.0
	- bwncr 3.17.0
	- catalogue 1.8.0
	- chat_heads 0.10.22
	- chisel 1.6
	   \-- templates 2.1.1+1.20.1
	- cloth-config 11.1.106
	   \-- cloth-basic-math 0.6.1
	- clumps 12.0.0.3
	- completeconfig 2.5.0
	   |-- completeconfig-base 2.5.0
	   |-- completeconfig-gui-cloth 2.5.0
	   \-- completeconfig-gui-yacl 2.5.0
	- computercraft 1.108.0
	   |-- com_jcraft_jzlib 1.1.3
	   |-- io_netty_netty-codec-http 4.1.82.Final
	   |-- io_netty_netty-codec-socks 4.1.82.Final
	   |-- io_netty_netty-handler-proxy 4.1.82.Final
	   \-- org_squiddev_cobalt 0.7.3
	- continuity 3.0.0-beta.3+1.20.1
	- controlling 12.0.2
	- corgilib 4.0.0.4
	   |-- com_electronwill_night-config_core 3.6.6
	   \-- com_electronwill_night-config_toml 3.6.6
	- craftpresence 2.2.3
	   \-- fabric-resource-loader-v0 0.11.9+132c48c177
	- creativecore 2.10.28
	   \-- net_minecraftforge_eventbus 6.0.3
	- creeperoverhaul 3.0.1
	- croptopia 2.3.2
	   |-- com_typesafe_config 1.4.1
	   |-- io_leangen_geantyref_geantyref 1.3.11
	   |-- org_spongepowered_configurate-core 4.1.2
	   \-- org_spongepowered_configurate-hocon 4.1.2
	- culinaryconstruct 5.2.0+1.20.1
	   \-- spectrelib 0.13.13+1.20.1
	- cull-less-leaves 1.3.0
	- cullleaves 3.2.0
	- cupboard 1.20.1-2.0
	- darkmodeeverywhere 1.20.1-1.2.2
	- darkutils 17.0.2
	- debugify 1.20.1+2.0
	- ding 1.4.1
	- disable_custom_worlds_advice 4.1
	- dml-refabricated 0.5.14-BETA+1.20.1
	   |-- dml-refabricated-base 0.5.14-BETA+1.20.1
	   |    |-- ktdatataglib 1.6.7+1.20.1
	   |    \-- libgui 8.0.0-beta.1+1.20-rc1
	   |         |-- jankson 5.0.1+j1.2.2
	   |         |    \-- blue_endless_jankson 1.2.2
	   |         \-- libninepatch 1.2.0
	   |-- dml-refabricated-modular-armor 0.5.14-BETA+1.20.1
	   |    |-- ktdatataglib 1.6.7+1.20.1
	   |    |-- libgui 8.0.0-beta.1+1.20-rc1
	   |    |    |-- jankson 5.0.1+j1.2.2
	   |    |    |    \-- blue_endless_jankson 1.2.2
	   |    |    \-- libninepatch 1.2.0
	   |    \-- playerabilitylib 1.8.0
	   |-- dmlsimulacrum 0.5.14-BETA+1.20.1
	   |    \-- ktdatataglib 1.6.7+1.20.1
	   \-- ktdatataglib 1.6.7+1.20.1
	- dragonfight 1.20.1-4.1
	- early-loading-screen 0.1.0
	   \-- springboard 0.2.18
	- eatinganimationid 1.9.4+1.20
	- elytraslot 6.3.0+1.20.1
	- enchdesc 17.0.8
	- enhancedcelestials 5.0.0.2
	- entity_texture_features 4.5.1
	   \-- org_apache_httpcomponents_httpmime 4.5.10
	- entityculling 1.6.2-mc1.20.1
	- experiencebugfix 2
	- extended_drawers 2.0.6+mc.1.20.1
	   |-- com_github_llamalad7_mixinextras 0.2.0-rc.5
	   |-- config_toolkit 1.0.0
	   |    |-- io_determann_shadow-api-17 0.1.1
	   |    \-- net_fabricmc_javapoet 0.1.0
	   |-- graphlib 1.4.0+1.20
	   |    |-- kmodlib-overlay 0.2.12+1.20
	   |    \-- libnetworkstack 0.10.0
	   \-- noindium 1.1.0+1.20
	- fabric-api 0.89.3+1.20.1
	   |-- fabric-api-base 0.4.30+7abfd51577
	   |-- fabric-api-lookup-api-v1 1.6.35+4d8536c977
	   |-- fabric-biome-api-v1 13.0.11+0737cd8077
	   |-- fabric-block-api-v1 1.0.10+92a0d36777
	   |-- fabric-block-view-api-v2 1.0.0+92a0d36777
	   |-- fabric-blockrenderlayer-v1 1.1.40+b3afc78b77
	   |-- fabric-client-tags-api-v1 1.1.1+97bb207577
	   |-- fabric-command-api-v1 1.2.33+f71b366f77
	   |-- fabric-command-api-v2 2.2.12+b3afc78b77
	   |-- fabric-commands-v0 0.2.50+df3654b377
	   |-- fabric-containers-v0 0.1.63+df3654b377
	   |-- fabric-content-registries-v0 4.0.10+57aed33f77
	   |-- fabric-convention-tags-v1 1.5.4+a1a980da77
	   |-- fabric-crash-report-info-v1 0.2.18+aeb40ebe77
	   |-- fabric-data-generation-api-v1 12.3.1+0889cb7877
	   |-- fabric-dimensions-v1 2.1.53+8536527b77
	   |-- fabric-entity-events-v1 1.5.22+b3afc78b77
	   |-- fabric-events-interaction-v0 0.6.1+e91849a877
	   |-- fabric-events-lifecycle-v0 0.2.62+df3654b377
	   |-- fabric-game-rule-api-v1 1.0.38+b04edc7a77
	   |-- fabric-item-api-v1 2.1.27+b3afc78b77
	   |-- fabric-item-group-api-v1 4.0.10+23d9108177
	   |-- fabric-key-binding-api-v1 1.0.36+fb8d95da77
	   |-- fabric-keybindings-v0 0.2.34+df3654b377
	   |-- fabric-lifecycle-events-v1 2.2.21+b3afc78b77
	   |-- fabric-loot-api-v2 1.1.39+b3afc78b77
	   |-- fabric-loot-tables-v1 1.1.43+9e7660c677
	   |-- fabric-message-api-v1 5.1.7+3265161977
	   |-- fabric-mining-level-api-v1 2.1.49+b3afc78b77
	   |-- fabric-model-loading-api-v1 1.0.2+709a987177
	   |-- fabric-models-v0 0.4.1+9386d8a777
	   |-- fabric-networking-api-v1 1.3.10+eeb8eb3677
	   |-- fabric-networking-v0 0.3.50+df3654b377
	   |-- fabric-object-builder-api-v1 11.1.1+6beca84877
	   |-- fabric-particles-v1 1.1.1+201a23a077
	   |-- fabric-recipe-api-v1 1.0.20+b3afc78b77
	   |-- fabric-registry-sync-v0 2.3.2+4df89eb277
	   |-- fabric-renderer-api-v1 3.2.0+39a511ba77
	   |-- fabric-renderer-indigo 1.5.0+39a511ba77
	   |-- fabric-renderer-registries-v1 3.2.45+df3654b377
	   |-- fabric-rendering-data-attachment-v1 0.3.36+92a0d36777
	   |-- fabric-rendering-fluids-v1 3.0.27+b3afc78b77
	   |-- fabric-rendering-v0 1.1.48+df3654b377
	   |-- fabric-rendering-v1 3.0.7+b3afc78b77
	   |-- fabric-resource-conditions-api-v1 2.3.5+ea08f9d877
	   |-- fabric-screen-api-v1 2.0.7+b3afc78b77
	   |-- fabric-screen-handler-api-v1 1.3.29+b3afc78b77
	   |-- fabric-sound-api-v1 1.0.12+b3afc78b77
	   |-- fabric-transfer-api-v1 3.3.1+195226a777
	   \-- fabric-transitive-access-wideners-v1 4.3.0+6c31357e77
	- fabric-language-kotlin 1.10.10+kotlin.1.9.10
	   |-- org_jetbrains_kotlin_kotlin-reflect 1.9.10
	   |-- org_jetbrains_kotlin_kotlin-stdlib 1.9.10
	   |-- org_jetbrains_kotlin_kotlin-stdlib-jdk7 1.9.10
	   |-- org_jetbrains_kotlin_kotlin-stdlib-jdk8 1.9.10
	   |-- org_jetbrains_kotlinx_atomicfu-jvm 0.22.0
	   |-- org_jetbrains_kotlinx_kotlinx-coroutines-core-jvm 1.7.3
	   |-- org_jetbrains_kotlinx_kotlinx-coroutines-jdk8 1.7.3
	   |-- org_jetbrains_kotlinx_kotlinx-datetime-jvm 0.4.0
	   |-- org_jetbrains_kotlinx_kotlinx-serialization-cbor-jvm 1.6.0
	   |-- org_jetbrains_kotlinx_kotlinx-serialization-core-jvm 1.6.0
	   \-- org_jetbrains_kotlinx_kotlinx-serialization-json-jvm 1.6.0
	- fabricloader 0.14.22
	- fancymenu 2.14.9
	- farmersdelight 1.20.1-1.4.2
	- ferritecore 6.0.0
	- forgeconfigapiport 8.0.0
	- ftbchunks 2001.2.2
	- ftblibrary 2001.1.3
	- ftbquests 2001.1.5
	   \-- team_reborn_energy 3.0.0
	- ftbteams 2001.1.4
	- geckolib 4.2.3
	   \-- com_eliotlash_mclib_mclib 20
	- gtceu 1.0.12.g-build_215
	   |-- configuration 2.2.0
	   |-- ldlib 1.0.19.d
	   \-- registrate-fabric 1.3.59-MC1.20
	- iceberg 1.1.15
	- inventorysorter 1.9.0-1.20
	   \-- kyrptconfig 1.5.6-1.20
	- ironchests 5.0.2
	- itemfilters 2001.1.0-build.55
	- itemphysic 1.6.11
	- jade 11.6.1
	- jamlib 0.6.1+1.20.x
	- java 17
	- konkrete 1.6.1
	- kubejs 2001.6.3-build.52
	- lambdynlights 2.3.2+1.20.1
	   |-- pride 1.2.0+1.19.4
	   \-- spruceui 5.0.0+1.20
	- languagereload 1.5.9+1.20.1
	- lazydfu 0.1.3
	- leavesbegone 8.0.0
	- legendarytooltips 1.4.4
	- lightoverlay 8.0.0
	- lootjs 2.10.3
	- lootr 0.7.29.75
	- lychee 5.0.2
	- magnumtorch 8.0.0
	- maxhealthfix 12.0.2
	- megacells 2.1.5-1.20.1
	- merequester 1.20.1-1.1.4
	- midnightlib 1.4.1
	- minecraft 1.20.1
	- modernfix 5.7.5+mc1.20.1
	- moonlight 1.20-2.8.40
	- mousetweaks 2.25
	- nochatreports 1.20.1-v2.2.2
	- patchouli 1.20.1-81-FABRIC
	   \-- fiber 0.23.0-2
	- pigpen 15.0.2
	- polylib 1200.0.2-build.85
	- polymorph 0.49.0+1.20.1
	   |-- cardinal-components-block 5.2.1
	   |-- cardinal-components-item 5.2.1
	   \-- spectrelib 0.13.13+1.20.1
	- prism 1.0.5
	- puzzleslib 8.0.24
	- resourcefulconfig 2.1.0
	- resourcefullib 2.1.11
	   |-- com_teamresourceful_bytecodecs 1.0.2
	   \-- com_teamresourceful_yabn 1.0.3
	- rhino 2001.2.2-build.6
	- rightclickharvest 3.2.3+1.19.x-1.20.1-fabric
	- roughlyenoughitems 12.0.665
	   \-- error_notifier 1.0.9
	- runelic 18.0.2
	- satin 1.14.0
	- searchables 1.0.1
	- skinlayers 1.5.4-mc1.20.1
	- spark 1.10.42
	   \-- fabric-permissions-api-v0 0.1-SNAPSHOT
	- starlight 1.1.2+fabric.dbc156f
	- supermartijn642configlib 1.1.8
	- supermartijn642corelib 1.1.14
	- taterzens 1.11.7
	   |-- config2brigadier 1.2.6
	   |-- fabric-permissions-api-v0 0.1-SNAPSHOT
	   |-- polymer-registry-sync-manipulator 0.5.0-rc.2+1.20-rc1
	   |-- server_translations_api 2.0.0-beta.2+1.19.4-pre2
	   |    \-- packet_tweaker 0.3.1+23w06a
	   \-- sgui 1.2.2+1.20
	- tcdcommons 3.0.0-alpha.3+fabric-1.20.1
	- tconstruct 1.20.1-3.6.3.232
	   |-- dripstone_fluid_lib 3.0.1
	   |-- mantle 1.20.1-1.9.254
	   |    |-- cardinal-components-base 5.2.2
	   |    |-- cardinal-components-entity 5.2.2
	   |    |-- com_google_code_findbugs_jsr305 3.0.2
	   |    \-- star 1.5.1+1.20.1
	   |-- milk 1.2.58
	   \-- porting_lib 2.1.1139+1.20-entity-refactor
	        |-- mm 2.3
	        |-- porting_lib_accessors 2.1.1139+1.20-entity-refactor
	        |-- porting_lib_asm 2.1.1139+1.20-entity-refactor
	        |-- porting_lib_attributes 2.1.1139+1.20-entity-refactor
	        |-- porting_lib_base 2.1.1139+1.20-entity-refactor
	        |-- porting_lib_brewing 2.1.1139+1.20-entity-refactor
	        |-- porting_lib_chunk_loading 2.1.1139+1.20-entity-refactor
	        |-- porting_lib_client_events 2.1.1139+1.20-entity-refactor
	        |-- porting_lib_common 2.1.1139+1.20-entity-refactor
	        |-- porting_lib_config 2.1.1139+1.20-entity-refactor
	        |-- porting_lib_core 2.1.1139+1.20-entity-refactor
	        |-- porting_lib_data 2.1.1139+1.20-entity-refactor
	        |-- porting_lib_entity 2.1.1139+1.20-entity-refactor
	        |-- porting_lib_extensions 2.1.1139+1.20-entity-refactor
	        |-- porting_lib_fluids 2.1.1139+1.20-entity-refactor
	        |-- porting_lib_gametest 2.1.1139+1.20-entity-refactor
	        |-- porting_lib_items 2.1.1139+1.20-entity-refactor
	        |-- porting_lib_lazy_registration 2.1.1139+1.20-entity-refactor
	        |-- porting_lib_loot 2.1.1139+1.20-entity-refactor
	        |-- porting_lib_mixin_extensions 2.1.1139+1.20-entity-refactor
	        |-- porting_lib_model_builders 2.1.1139+1.20-entity-refactor
	        |-- porting_lib_model_generators 2.1.1139+1.20-entity-refactor
	        |-- porting_lib_model_loader 2.1.1139+1.20-entity-refactor
	        |-- porting_lib_model_materials 2.1.1139+1.20-entity-refactor
	        |-- porting_lib_models 2.1.1139+1.20-entity-refactor
	        |-- porting_lib_networking 2.1.1139+1.20-entity-refactor
	        |-- porting_lib_obj_loader 2.1.1139+1.20-entity-refactor
	        |-- porting_lib_recipe_book_categories 2.1.1139+1.20-entity-refactor
	        |-- porting_lib_registries 2.1.1139+1.20-entity-refactor
	        |-- porting_lib_tags 3.0
	        |-- porting_lib_tool_actions 2.1.1139+1.20-entity-refactor
	        |-- porting_lib_transfer 2.1.1139+1.20-entity-refactor
	        \-- porting_lib_utility 2.1.1139+1.20-entity-refactor
	- toms_storage 1.6.4
	- trinkets 3.7.1
	- visualworkbench 8.0.0
	- worldedit 7.2.15+6463-5ca4dff
	- yawp 0.0.2.9-beta3
	- yet_another_config_lib_v3 3.2.1+1.20
	   |-- com_twelvemonkeys_common_common-image 3.10.0-SNAPSHOT
	   |-- com_twelvemonkeys_common_common-io 3.10.0-SNAPSHOT
	   |-- com_twelvemonkeys_common_common-lang 3.10.0-SNAPSHOT
	   |-- com_twelvemonkeys_imageio_imageio-core 3.10.0-SNAPSHOT
	   |-- com_twelvemonkeys_imageio_imageio-metadata 3.10.0-SNAPSHOT
	   |-- com_twelvemonkeys_imageio_imageio-webp 3.10.0-SNAPSHOT
	   |-- org_quiltmc_parsers_gson 0.2.1
	   \-- org_quiltmc_parsers_json 0.2.1
[16:45:38] [main/INFO]: SpongePowered MIXIN Subsystem Version=0.8.5 Source=file:/C:/Users/Borka%20Patrik/AppData/Roaming/PrismLauncher/libraries/net/fabricmc/sponge-mixin/0.12.5+mixin.0.8.5/sponge-mixin-0.12.5+mixin.0.8.5.jar Service=Knot/Fabric Env=CLIENT
[16:45:38] [main/INFO]: Compatibility level set to JAVA_17
[16:45:38] [main/INFO]: Loading ImmediateWindowProvider fmlearlywindow
[16:45:39] [main/INFO]: Trying GL version 4.6
[16:45:39] [main/INFO]: Requested GL version 4.6 got version 4.6
[16:45:39] [main/WARN]: Reference map 'configtoolkit-refmap.json' for configtoolkit.mixins.json could not be read. If this is a development environment you can ignore this message
[16:45:39] [main/INFO]: Preloading Debugify
[16:45:40] [main/INFO]: Loaded configuration file for ModernFix 5.7.5+mc1.20.1: 50 options available, 0 override(s) found
[16:45:40] [main/INFO]: Applying Nashorn fix
[16:45:40] [main/WARN]: Reference map 'springboard-refmap.json' for springboard.mixins.json could not be read. If this is a development environment you can ignore this message
[16:45:40] [main/WARN]: Reference map 'springboard-refmap.json' for springboard-plugin.mixins.json could not be read. If this is a development environment you can ignore this message
[16:45:40] [main/WARN]: Reference map 'supermartijn642configlib.mixins.refmap.json' for supermartijn642configlib.mixins.json could not be read. If this is a development environment you can ignore this message
[16:45:40] [main/WARN]: Error loading class: io/vram/frex/base/renderer/context/render/EntityBlockRenderContext (java.lang.ClassNotFoundException: io/vram/frex/base/renderer/context/render/EntityBlockRenderContext)
[16:45:40] [main/WARN]: @Mixin target io.vram.frex.base.renderer.context.render.EntityBlockRenderContext was not found porting_lib_base.mixins.json:client.frex.EntityBlockRenderContextMixin from mod porting_lib_base
[16:45:40] [main/WARN]: Error loading class: me/jellysquid/mods/sodium/client/render/chunk/compile/pipeline/BlockOcclusionCache (java.lang.ClassNotFoundException: me/jellysquid/mods/sodium/client/render/chunk/compile/pipeline/BlockOcclusionCache)
[16:45:40] [main/WARN]: Error loading class: me/jellysquid/mods/sodium/client/gui/SodiumGameOptionPages (java.lang.ClassNotFoundException: me/jellysquid/mods/sodium/client/gui/SodiumGameOptionPages)
[16:45:40] [main/WARN]: Error loading class: me/jellysquid/mods/sodium/client/gui/SodiumGameOptionPages (java.lang.ClassNotFoundException: me/jellysquid/mods/sodium/client/gui/SodiumGameOptionPages)
[16:45:40] [main/WARN]: @Mixin target me.jellysquid.mods.sodium.client.gui.SodiumGameOptionPages was not found cullleaves.mixins.json:MixinSodiumGameOptionPages from mod cullleaves
[16:45:40] [main/WARN]: Force disabled MC-121772 because it only applies to OS: MAC
[16:45:40] [main/WARN]: Force disabled MC-122477 because it only applies to OS: LINUX
[16:45:40] [main/WARN]: Force disabled MC-176559 because it's conflicting with: fabric-api
[16:45:40] [main/WARN]: Force disabled MC-22882 because it only applies to OS: MAC
[16:45:41] [main/WARN]: Error loading class: mezz/modnametooltip/TooltipEventHandler (java.lang.ClassNotFoundException: mezz/modnametooltip/TooltipEventHandler)
[16:45:41] [main/WARN]: Error loading class: io/vram/frex/api/model/fluid/SimpleFluidModel (java.lang.ClassNotFoundException: io/vram/frex/api/model/fluid/SimpleFluidModel)
[16:45:41] [main/WARN]: Error loading class: link/infra/indium/renderer/render/BlockRenderInfo (java.lang.ClassNotFoundException: link/infra/indium/renderer/render/BlockRenderInfo)
[16:45:41] [main/WARN]: Error loading class: link/infra/indium/renderer/render/TerrainRenderContext (java.lang.ClassNotFoundException: link/infra/indium/renderer/render/TerrainRenderContext)
[16:45:41] [main/WARN]: Error loading class: me/jellysquid/mods/sodium/client/render/chunk/compile/pipeline/FluidRenderer (java.lang.ClassNotFoundException: me/jellysquid/mods/sodium/client/render/chunk/compile/pipeline/FluidRenderer)
[16:45:41] [main/WARN]: @Mixin target me.jellysquid.mods.sodium.client.render.chunk.compile.pipeline.FluidRenderer was not found star.mixins.json:sodium.FluidRendererAccessor from mod star
[16:45:41] [main/WARN]: Error loading class: me/jellysquid/mods/sodium/client/render/chunk/compile/pipeline/FluidRenderer (java.lang.ClassNotFoundException: me/jellysquid/mods/sodium/client/render/chunk/compile/pipeline/FluidRenderer)
[16:45:41] [main/WARN]: @Mixin target me.jellysquid.mods.sodium.client.render.chunk.compile.pipeline.FluidRenderer was not found star.mixins.json:sodium.FluidRendererMixin from mod star
[16:45:41] [main/WARN]: Error loading class: org/jetbrains/annotations/ApiStatus$Internal (java.lang.ClassNotFoundException: org/jetbrains/annotations/ApiStatus$Internal)
[16:45:41] [pool-3-thread-1/INFO]: GL info: NVIDIA GeForce RTX 3050 Ti Laptop GPU/PCIe/SSE2 GL version 4.6.0 NVIDIA 536.40, NVIDIA Corporation
[16:45:42] [main/INFO]: Initializing MixinExtras via com.llamalad7.mixinextras.service.MixinExtrasServiceImpl(version=0.2.0-rc.5).
[16:45:43] [main/INFO]: Mixing client.MixinMinecraft from mixins/common/nochatreports.mixins.json into net.minecraft.class_310
[16:45:43] [main/INFO]: Mixing client.MixinMinecraft from mixins/fabric/nochatreports-fabric.mixins.json into net.minecraft.class_310
[16:45:44] [main/WARN]: @Inject(@At("INVOKE")) Shift.BY=2 on porting_lib_entity.mixins.json:common.LivingEntityMixin from mod porting_lib_entity::handler$egl000$porting_lib_entity$port_lib$onFinishUsing exceeds the maximum allowed value: 0. Increase the value of maxShiftBy to suppress this warning.
[16:45:44] [main/INFO]: Mixing client.MixinTitleScreen from mixins/common/nochatreports.mixins.json into net.minecraft.class_442
[16:45:44] [main/INFO]: Mixing client.MixinChatScreen from mixins/common/nochatreports.mixins.json into net.minecraft.class_408
[16:45:44] [main/INFO]: Renaming synthetic method lambda$onInit$4()Lnet/minecraft/class_2561; to md192052$nochatreports$lambda$onInit$4$0 in mixins/common/nochatreports.mixins.json:client.MixinChatScreen from mod nochatreports
[16:45:44] [main/INFO]: Renaming synthetic method lambda$onInit$3(Lnet/minecraft/class_4185;)V to md192052$nochatreports$lambda$onInit$3$1 in mixins/common/nochatreports.mixins.json:client.MixinChatScreen from mod nochatreports
[16:45:44] [main/INFO]: Renaming synthetic method lambda$onInit$2()Lnet/minecraft/class_2561; to md192052$nochatreports$lambda$onInit$2$2 in mixins/common/nochatreports.mixins.json:client.MixinChatScreen from mod nochatreports
[16:45:44] [main/INFO]: Renaming synthetic method lambda$onInit$1(Lnet/minecraft/class_4185;)V to md192052$nochatreports$lambda$onInit$1$3 in mixins/common/nochatreports.mixins.json:client.MixinChatScreen from mod nochatreports
[16:45:44] [main/INFO]: Renaming synthetic method lambda$onBeforeMessage$0(Ljava/lang/String;Lorg/spongepowered/asm/mixin/injection/callback/CallbackInfoReturnable;Lcom/aizistral/nochatreports/common/encryption/Encryptor;)V to md192052$nochatreports$lambda$onBeforeMessage$0$4 in mixins/common/nochatreports.mixins.json:client.MixinChatScreen from mod nochatreports
[16:45:45] [pool-4-thread-1/INFO]: Mixing common.MixinFriendlyByteBuf from mixins/common/nochatreports.mixins.json into net.minecraft.class_2540
[16:45:45] [pool-4-thread-1/INFO]: Renaming synthetic method lambda$onWriteJsonWithCodec$1(Ljava/lang/Object;Ljava/lang/String;)Lio/netty/handler/codec/EncoderException; to md192052$nochatreports$lambda$onWriteJsonWithCodec$1$0 in mixins/common/nochatreports.mixins.json:common.MixinFriendlyByteBuf from mod nochatreports
[16:45:45] [pool-4-thread-1/INFO]: Renaming synthetic method lambda$onReadJsonWithCodec$0(Ljava/lang/String;)Lio/netty/handler/codec/DecoderException; to md192052$nochatreports$lambda$onReadJsonWithCodec$0$1 in mixins/common/nochatreports.mixins.json:common.MixinFriendlyByteBuf from mod nochatreports
[16:45:46] [pool-4-thread-1/INFO]: Injecting BlockStateBase cache population hook into getOpacityIfCached from ca.spottedleaf.starlight.mixin.common.blockstate.BlockStateBaseMixin
[16:45:46] [pool-4-thread-1/INFO]: Injecting BlockStateBase cache population hook into isConditionallyFullOpaque from ca.spottedleaf.starlight.mixin.common.blockstate.BlockStateBaseMixin
[16:45:48] [pool-4-thread-1/INFO]: Mixing server.MixinServerGamePacketListenerImpl from mixins/common/nochatreports.mixins.json into net.minecraft.class_3244
[16:45:49] [pool-4-thread-1/WARN]: Static binding violation: PRIVATE @Overwrite method method_21740 in modernfix-common.mixins.json:perf.remove_biome_temperature_cache.BiomeMixin from mod modernfix cannot reduce visibiliy of PUBLIC target method, visibility will be upgraded.
[16:45:50] [pool-4-thread-1/INFO]: Vanilla bootstrap took 5292 milliseconds
[16:45:50] [Render thread/INFO]: Environment: authHost='https://authserver.mojang.com', accountsHost='https://api.mojang.com', sessionHost='https://sessionserver.mojang.com', servicesHost='https://api.minecraftservices.com', name='PROD'
[16:45:50] [Render thread/INFO]: Mixing client.MixinYggdrasilUserApiService from mixins/common/nochatreports.mixins.json into com.mojang.authlib.yggdrasil.YggdrasilUserApiService
[16:45:51] [Render thread/INFO]: Setting user: NemEzanevem
[16:45:51] [Render thread/INFO]: [STDOUT]: springboard.tweak.classloader.TweakingClassLoader@72ccd81a
[16:45:51] [Render thread/INFO]: Bypassed Mojang DFU
[16:45:51] [Render thread/INFO]: Mixing client.MixinToastComponent from mixins/common/nochatreports.mixins.json into net.minecraft.class_374
[16:45:51] [Render thread/INFO]: Trying to read config file...
[16:45:51] [Render thread/INFO]: A config file was found, loading it..
[16:45:51] [Render thread/INFO]: Successfully loaded config file.
[16:45:52] [Render thread/INFO]: [rightclickharvest] Initializing VersionUtils
[16:45:52] [Render thread/INFO]: [rightclickharvest] VersionUtils initialized successfully
[16:45:53] [Render thread/INFO]: Config loaded
[16:45:53] [Render thread/INFO]: [STDOUT]: springboard.tweak.classloader.TweakingClassLoader@72ccd81a
[16:45:53] [Render thread/INFO]: Mixing client.MixinClientPacketListener from mixins/common/nochatreports.mixins.json into net.minecraft.class_634
[16:45:54] [Render thread/WARN]: Injection warning: LVT in net/minecraft/class_332::method_51435(Lnet/minecraft/class_327;Ljava/util/List;IILnet/minecraft/class_8000;)V has incompatible changes at opcode 180 in callback iceberg.mixins.json:GuiGraphicsMixin from mod iceberg->@Inject::storeLocalsOptifine(Lnet/minecraft/class_327;Ljava/util/List;IILnet/minecraft/class_8000;Lorg/spongepowered/asm/mixin/injection/callback/CallbackInfo;Ljava/lang/Object;IIIILorg/joml/Vector2ic;)V.
 Expected: [Ljava/lang/Object;, I, I, I, I, Lorg/joml/Vector2ic;]
    Found: [I, I, I, I, Lorg/joml/Vector2ic;]
Available: [I, I, I, I, Lorg/joml/Vector2ic;]
[16:45:54] [Render thread/INFO]: Better Compatibility Checker starting
[16:45:54] [Render thread/INFO]: Loading config file
[16:45:54] [Render thread/INFO]: Config file loaded
[16:45:54] [Render thread/INFO]: BetterPingDisplay mod loaded
[16:45:54] [Render thread/INFO]: Fixing MC-151457. Crafting remainder for minecraft:pufferfish_bucket is now minecraft:bucket.
[16:45:54] [Render thread/INFO]: Fixing MC-151457. Crafting remainder for minecraft:salmon_bucket is now minecraft:bucket.
[16:45:54] [Render thread/INFO]: Fixing MC-151457. Crafting remainder for minecraft:cod_bucket is now minecraft:bucket.
[16:45:54] [Render thread/INFO]: Fixing MC-151457. Crafting remainder for minecraft:tropical_fish_bucket is now minecraft:bucket.
[16:45:54] [Render thread/INFO]: Fixing MC-151457. Crafting remainder for minecraft:axolotl_bucket is now minecraft:bucket.
[16:45:54] [Render thread/INFO]: Fixing MC-151457. Crafting remainder for minecraft:powder_snow_bucket is now minecraft:bucket.
[16:45:54] [Render thread/INFO]: Fixing MC-151457. Crafting remainder for minecraft:tadpole_bucket is now minecraft:bucket.
[16:45:55] [Render thread/INFO]: Loaded C2B lib.
