[17:01:04] [modloading-worker-0/INFO] ========================================
[17:01:04] [modloading-worker-0/INFO] Minecraft: 1.20.1
[17:01:04] [modloading-worker-0/INFO] Side: client
[17:01:04] [modloading-worker-0/INFO] Development: false
[17:01:04] [modloading-worker-0/INFO] Version: 12.0.684
[17:01:04] [modloading-worker-0/INFO] Loader:
[17:01:04] [modloading-worker-0/INFO] - Forge: 47.2.20
[17:01:04] [modloading-worker-0/INFO] Dependencies:
[17:01:04] [modloading-worker-0/INFO] - Cloth Config: 11.1.118
[17:01:04] [modloading-worker-0/INFO] - Architectury: 9.2.14
[17:01:04] [modloading-worker-0/INFO] Mixin: 0.8.5
[17:01:04] [modloading-worker-0/INFO] OS: Windows 11 10.0 (amd64)
[17:01:04] [modloading-worker-0/INFO] Java: 17.0.10 (Eclipse Adoptium)
[17:01:04] [modloading-worker-0/INFO] ========================================
[17:01:04] [modloading-worker-0/INFO] Mods:
[17:01:04] [modloading-worker-0/INFO] - ae2: 15.1.0
[17:01:04] [modloading-worker-0/INFO] - ae2wtlib: 15.2.3-forge
[17:01:04] [modloading-worker-0/INFO] - aeinfinitybooster: 1.20.1-1.0.0+21
[17:01:04] [modloading-worker-0/INFO] - almostunified: 1.20.1-0.9.2
[17:01:04] [modloading-worker-0/INFO] - appleskin: 2.5.1+mc1.20.1
[17:01:04] [modloading-worker-0/INFO] - architectury: 9.2.14
[17:01:04] [modloading-worker-0/INFO] - ars_nouveau: 4.10.0
[17:01:04] [modloading-worker-0/INFO] - athena: 3.1.2
[17:01:04] [modloading-worker-0/INFO] - balm: 7.2.2
[17:01:04] [modloading-worker-0/INFO] - bcc: 4.0.8
[17:01:04] [modloading-worker-0/INFO] - betteradvancements: 0.3.2.162
[17:01:04] [modloading-worker-0/INFO] - betterthirdperson: 1.9.0
[17:01:04] [modloading-worker-0/INFO] - blockui: 1.20.1-1.0.151-BETA
[17:01:04] [modloading-worker-0/INFO] - bloodmagic: 3.3.2-44
[17:01:04] [modloading-worker-0/INFO] - bookshelf: 20.1.9
[17:01:04] [modloading-worker-0/INFO] - bwncr: 3.17.0
[17:01:04] [modloading-worker-0/INFO] - catalogue: 1.8.0
[17:01:04] [modloading-worker-0/INFO] - chipped: 3.0.4
[17:01:04] [modloading-worker-0/INFO] - citadel: 2.5.4
[17:01:04] [modloading-worker-0/INFO] - cloth_config: 11.1.118
[17:01:04] [modloading-worker-0/INFO] - clumps: 12.0.0.3
[17:01:04] [modloading-worker-0/INFO] - computercraft: 1.110.1
[17:01:04] [modloading-worker-0/INFO] - configuration: 2.2.0
[17:01:04] [modloading-worker-0/INFO] - controlling: 12.0.2
[17:01:04] [modloading-worker-0/INFO] - corgilib: 4.0.1.1
[17:01:04] [modloading-worker-0/INFO] - cosmeticarmorreworked: 1.20.1-v1a
[17:01:04] [modloading-worker-0/INFO] - craftpresence: 2.3.7
[17:01:04] [modloading-worker-0/INFO] - creativecore: 2.11.25
[17:01:04] [modloading-worker-0/INFO] - creeperoverhaul: 3.0.2
[17:01:04] [modloading-worker-0/INFO] - cucumber: 7.0.8
[17:01:04] [modloading-worker-0/INFO] - cupboard: 1.20.1-2.6
[17:01:04] [modloading-worker-0/INFO] - curios: 5.7.2+1.20.1
[17:01:04] [modloading-worker-0/INFO] - darkmodeeverywhere: 1.20.1-1.2.2
[17:01:04] [modloading-worker-0/INFO] - dragonfight: 1.20.1-4.4
[17:01:04] [modloading-worker-0/INFO] - eidolon: 1.20.1-0.3.8.9
[17:01:04] [modloading-worker-0/INFO] - embeddium: 0.3.12+mc1.20.1
[17:01:04] [modloading-worker-0/INFO] - emojiful: 4.2.0
[17:01:04] [modloading-worker-0/INFO] - enchdesc: 17.0.14
[17:01:04] [modloading-worker-0/INFO] - enderio: 6.0.25-alpha
[17:01:04] [modloading-worker-0/INFO] - enhancedcelestials: 5.0.0.2
[17:01:04] [modloading-worker-0/INFO] - entangled: 1.3.17
[17:01:04] [modloading-worker-0/INFO] - expatternprovider: 1.20-1.1.1-forge
[17:01:04] [modloading-worker-0/INFO] - extendedcrafting: 6.0.7
[17:01:04] [modloading-worker-0/INFO] - extremesoundmuffler: 3.41-forge-1.20
[17:01:04] [modloading-worker-0/INFO] - ferritecore: 6.0.1
[17:01:04] [modloading-worker-0/INFO] - forge: 47.2.20
[17:01:04] [modloading-worker-0/INFO] - ftbbackups2: 1.0.23
[17:01:04] [modloading-worker-0/INFO] - ftbchunks: 2001.2.7
[17:01:04] [modloading-worker-0/INFO] - ftblibrary: 2001.1.5
[17:01:04] [modloading-worker-0/INFO] - ftbteams: 2001.2.0
[17:01:04] [modloading-worker-0/INFO] - fusion: 1.1.1
[17:01:04] [modloading-worker-0/INFO] - gcyr: 0.1.4
[17:01:04] [modloading-worker-0/INFO] - geckolib: 4.4.4
[17:01:04] [modloading-worker-0/INFO] - geophilic: 2.2.0-mc1.20u1.20.2
[17:01:04] [modloading-worker-0/INFO] - glodium: 1.20-1.5-forge
[17:01:04] [modloading-worker-0/INFO] - gtceu: 1.1.4.b
[17:01:04] [modloading-worker-0/INFO] - iceandfire: 2.1.13-1.20.1-beta-4
[17:01:04] [modloading-worker-0/INFO] - immediatelyfast: 1.2.11+1.20.4
[17:01:04] [modloading-worker-0/INFO] - jade: 11.8.0
[17:01:04] [modloading-worker-0/INFO] - jei: 15.9999
[17:01:04] [modloading-worker-0/INFO] - kubejs: 2001.6.4-build.138
[17:01:04] [modloading-worker-0/INFO] - kubejsbloodmagic: 1.0.1-1.20.1
[17:01:04] [modloading-worker-0/INFO] - ldlib: 1.0.24.c
[17:01:04] [modloading-worker-0/INFO] - libx: 1.20.1-5.0.14
[17:01:04] [modloading-worker-0/INFO] - merequester: 1.20.1-1.1.4
[17:01:04] [modloading-worker-0/INFO] - minecraft: 1.20.1
[17:01:04] [modloading-worker-0/INFO] - mixinextras: 0.3.5
[17:01:04] [modloading-worker-0/INFO] - modernfix: 5.15.0+mc1.20.1
[17:01:04] [modloading-worker-0/INFO] - mousetweaks: 2.25
[17:01:04] [modloading-worker-0/INFO] - naturesaura: 39.4
[17:01:04] [modloading-worker-0/INFO] - oculus: 1.6.15a
[17:01:04] [modloading-worker-0/INFO] - overloadedarmorbar: 1.20.1-1
[17:01:04] [modloading-worker-0/INFO] - overworldmirror: 1.7.0.23
[17:01:04] [modloading-worker-0/INFO] - packagedauto: 3.4.4.16
[17:01:04] [modloading-worker-0/INFO] - packagedexcrafting: 3.4.0.8
[17:01:04] [modloading-worker-0/INFO] - packmenu: 6.1.1
[17:01:04] [modloading-worker-0/INFO] - patchouli: 1.20.1-84-FORGE
[17:01:04] [modloading-worker-0/INFO] - placebo: 8.6.1
[17:01:04] [modloading-worker-0/INFO] - pneumaticcraft: 6.0.14+mc1.20.1
[17:01:04] [modloading-worker-0/INFO] - polylib: 2000.0.3-build.133
[17:01:04] [modloading-worker-0/INFO] - polymorph: 0.49.3+1.20.1
[17:01:04] [modloading-worker-0/INFO] - productivebees: 1.20.1-12.4.6
[17:01:04] [modloading-worker-0/INFO] - productivelib: 1.20.1-0.0.4
[17:01:04] [modloading-worker-0/INFO] - questsadditions: 1.4.3a
[17:01:04] [modloading-worker-0/INFO] - radium: 0.12.3+git.50c5c33
[17:01:04] [modloading-worker-0/INFO] - rei_plugin_compatibilities: 12.0.93
[17:01:04] [modloading-worker-0/INFO] - resourcefulconfig: 2.1.2
[17:01:04] [modloading-worker-0/INFO] - resourcefullib: 2.1.24
[17:01:04] [modloading-worker-0/INFO] - rhino: 2001.2.2-build.18
[17:01:04] [modloading-worker-0/INFO] - roughlyenoughitems: 12.0.684
[17:01:04] [modloading-worker-0/INFO] - rubidium: 0.7.1
[17:01:04] [modloading-worker-0/INFO] - searchables: 1.0.2
[17:01:04] [modloading-worker-0/INFO] - sereneseasons: 9.0.0.46
[17:01:04] [modloading-worker-0/INFO] - shimmer: 1.20.1-0.2.4
[17:01:04] [modloading-worker-0/INFO] - skyblockbuilder: 1.20.1-5.0.17
[17:01:04] [modloading-worker-0/INFO] - smartbrainlib: 1.13
[17:01:04] [modloading-worker-0/INFO] - solapplepie: 1.20.1-2.3.0
[17:01:04] [modloading-worker-0/INFO] - spark: 1.10.53
[17:01:04] [modloading-worker-0/INFO] - spectrelib: 0.13.15+1.20.1
[17:01:04] [modloading-worker-0/INFO] - squatgrow: 5.3.0+mc1.20.1
[17:01:04] [modloading-worker-0/INFO] - starlight: 1.1.2+forge.1cda73c
[17:01:04] [modloading-worker-0/INFO] - structure_gel: 2.16.1
[17:01:04] [modloading-worker-0/INFO] - supermartijn642configlib: 1.1.8
[17:01:04] [modloading-worker-0/INFO] - supermartijn642corelib: 1.1.17
[17:01:04] [modloading-worker-0/INFO] - tombstone: 8.6.5
[17:01:04] [modloading-worker-0/INFO] - totemic: 1.20.1-0.12.11
[17:01:04] [modloading-worker-0/INFO] - trashslot: 15.1.0
[17:01:04] [modloading-worker-0/INFO] - twilightforest: 4.3.2145
[17:01:04] [modloading-worker-0/INFO] - ulvcovm: 0.1
[17:01:04] [modloading-worker-0/INFO] - uteamcore: 5.1.4.289
[17:01:04] [modloading-worker-0/INFO] - witherstormmod: 4.0.1.1
[17:01:04] [modloading-worker-0/INFO] ========================================
[17:01:05] [modloading-worker-0/DEBUG] [REI] Added filtering rule [roughlyenoughitems:search]: INSTANCE
[17:01:05] [modloading-worker-0/DEBUG] [REI] Added filtering rule [roughlyenoughitems:manual]: INSTANCE
[17:01:05] [modloading-worker-0/DEBUG] [REI] Added filtering rule [roughlyenoughitems:basic]: INSTANCE
[17:01:05] [modloading-worker-0/INFO] [REI] Config loaded
[17:01:05] [modloading-worker-0/DEBUG] [REI] Config saved
[17:01:05] [modloading-worker-0/INFO] [REI] Registered plugin provider AE2 [ae2] for REIPlugin
[17:01:05] [modloading-worker-0/INFO] [REI] Registered plugin provider REIForgePluginStub [ftblibrary] for REIPlugin
[17:01:05] [modloading-worker-0/INFO] [REI] Registered plugin provider REI Plugin Compatibilities Client Handler [rei_plugin_compatibilities, jei] for REIPlugin
[17:01:05] [modloading-worker-0/INFO] [REI] Registered plugin provider REIPluginImpl [ldlib] for REIPlugin
[17:01:05] [modloading-worker-0/INFO] [REI] Registered plugin provider ReiIsDumbClientPlugin [chipped] for REIPlugin
[17:01:05] [modloading-worker-0/INFO] [REI] Registered plugin provider ExtendedAE [expatternprovider] for REIPlugin
[17:01:05] [modloading-worker-0/INFO] [REI] Registered plugin provider almostunified.roughlyenoughitems [almostunified] for REIPlugin
[17:01:05] [modloading-worker-0/INFO] [REI] Registered plugin provider REIForgePluginStub [kubejs] for REIPlugin
[17:01:05] [modloading-worker-0/INFO] [REI] Registered plugin provider GTREIPluginImpl [gtceu] for REIPlugin
[17:01:05] [modloading-worker-0/INFO] [REI] Registered plugin provider REI Plugin Compatibilities Adapter [rei_plugin_compatibilities, jei] for REIPlugin
[17:01:06] [modloading-worker-0/INFO] [REI] Registered plugin provider DefaultPluginImpl [roughlyenoughitems] for REIServerPlugin
[17:01:06] [modloading-worker-0/INFO] [REI] Registered plugin provider DefaultPluginImpl [roughlyenoughitems] for REIPlugin
[17:01:06] [modloading-worker-0/INFO] [REI] Registered plugin provider DefaultRuntimePlugin [roughlyenoughitems] for REIServerPlugin
[17:01:06] [modloading-worker-0/INFO] [REI] Registered plugin provider DefaultRuntimePlugin [roughlyenoughitems] for REIPlugin
[17:01:06] [modloading-worker-0/INFO] [REI] Registered plugin provider REI Plugin Compatibilities Adapter [rei_plugin_compatibilities, jei] for REIServerPlugin
[17:01:06] [modloading-worker-0/INFO] [REI] Registered plugin provider DefaultClientPluginImpl [roughlyenoughitems] for REIClientPlugin
[17:01:06] [modloading-worker-0/INFO] [REI] Registered plugin provider DefaultClientPluginImpl [roughlyenoughitems] for REIPlugin
[17:01:06] [modloading-worker-0/INFO] [REI] Registered plugin provider DefaultClientRuntimePlugin [roughlyenoughitems] for REIClientPlugin
[17:01:06] [modloading-worker-0/INFO] [REI] Registered plugin provider DefaultClientRuntimePlugin [roughlyenoughitems] for REIPlugin
[17:01:06] [modloading-worker-0/DEBUG] [REI] Added filtering rule [roughlyenoughitems:hidden_from_recipe_viewers]: INSTANCE
[17:01:06] [modloading-worker-0/INFO] [REI] Registered plugin provider HideIngredientsFromTagsPlugin [roughlyenoughitems] for REIClientPlugin
[17:01:06] [modloading-worker-0/INFO] [REI] Registered plugin provider HideIngredientsFromTagsPlugin [roughlyenoughitems] for REIPlugin
[17:01:06] [modloading-worker-0/INFO] [REI] Registered plugin provider AE2 [ae2] for REIClientPlugin
[17:01:06] [modloading-worker-0/INFO] [REI] Registered plugin provider REIForgePluginStub [ftblibrary] for REIClientPlugin
[17:01:06] [modloading-worker-0/INFO] [REI] Registered plugin provider REI Plugin Compatibilities Client Handler [rei_plugin_compatibilities, jei] for REIClientPlugin
[17:01:06] [modloading-worker-0/INFO] [REI] Registered plugin provider REIPluginImpl [ldlib] for REIClientPlugin
[17:01:06] [modloading-worker-0/INFO] [REI] Registered plugin provider ReiIsDumbClientPlugin [chipped] for REIClientPlugin
[17:01:06] [modloading-worker-0/INFO] [REI] Registered plugin provider ExtendedAE [expatternprovider] for REIClientPlugin
[17:01:06] [modloading-worker-0/INFO] [REI] Registered plugin provider almostunified.roughlyenoughitems [almostunified] for REIClientPlugin
[17:01:06] [modloading-worker-0/INFO] [REI] Registered plugin provider REIForgePluginStub [kubejs] for REIClientPlugin
[17:01:06] [modloading-worker-0/INFO] [REI] Registered plugin provider GTREIPluginImpl [gtceu] for REIClientPlugin
[17:01:06] [modloading-worker-0/INFO] [REI] Registered plugin provider REI Plugin Compatibilities Adapter [rei_plugin_compatibilities, jei] for REIClientPlugin
