[17:08:00] [INIT] KubeJS 2001.6.3-build.52; MC 2001 fabric
[17:08:00] [INIT] Loaded plugins:
[17:08:00] [INIT] - dev.latvian.mods.kubejs.fabric.BuiltinKubeJSFabricPlugin
[17:08:00] [INIT] - com.lowdragmc.lowdraglib.kjs.LDLibKubeJSPlugin
[17:08:00] [INIT] - com.almostreliable.lootjs.kube.LootJSPlugin
[17:08:00] [INIT] - com.gregtechceu.gtceu.integration.kjs.GregTechKubeJSPlugin
[17:08:00] [INFO] Loaded script server_scripts:earlygame/gtceu/circuit_board_stuff.js in 0.002 s
[17:08:00] [INFO] Loaded script server_scripts:earlygame/gtceu/coil_changes.js in 0.001 s
[17:08:00] [INFO] Loaded script server_scripts:earlygame/gtceu/mica_stuff.js in 0.0 s
[17:08:00] [INFO] Loaded script server_scripts:earlygame/gtceu/roasting_recipes.js in 0.0 s
[17:08:00] [INFO] earlygame/ores/ore_gen_layer_stuff.js#1: Loaded Java class 'com.gregtechceu.gtceu.api.data.chemical.ChemicalHelper'
[17:08:00] [INFO] Loaded script server_scripts:earlygame/ores/ore_gen_layer_stuff.js in 0.0 s
[17:08:00] [INFO] Loaded script server_scripts:earlygame/removals/removals.js in 0.002 s
[17:08:00] [INFO] Loaded script server_scripts:earlygame/vanilla/early_game.js in 0.001 s
[17:08:00] [INFO] Loaded script server_scripts:earlygame/vanilla/early_wood.js in 0.001 s
[17:08:00] [INFO] Loaded 8/8 KubeJS server scripts in 0.024 s
[17:08:00] [INFO] Scripts loaded
[17:08:00] [INFO] Initializing recipe event...
[17:08:00] [INFO] [minecraft:block] Found 2236 tags, added 8 objects, removed 0 objects
[17:08:02] [INFO] Processing recipes...
[17:08:02] [WARN] Failed to parse recipe 'tconstruct:smeltery/seared/seared_bricks_stonecutting[minecraft:stonecutting]'! Falling back to vanilla: Ingredient 'ingredient' can't be empty!
[17:08:02] [WARN] Failed to parse recipe 'tconstruct:smeltery/seared/seared_fancy_bricks_stonecutting[minecraft:stonecutting]'! Falling back to vanilla: Ingredient 'ingredient' can't be empty!
[17:08:03] [WARN] Failed to parse recipe 'tconstruct:smeltery/scorched/polished_scorched_stone_stonecutting[minecraft:stonecutting]'! Falling back to vanilla: Ingredient 'ingredient' can't be empty!
[17:08:03] [WARN] Failed to parse recipe 'ironchests:netherite_upgrade[minecraft:smithing_transform]'! Falling back to vanilla: Ingredient 'base' can't be empty!
[17:08:03] [WARN] Failed to parse recipe 'ironchests:netherite_barrel[minecraft:smithing_transform]'! Falling back to vanilla: Ingredient 'base' can't be empty!
[17:08:03] [WARN] Failed to parse recipe 'tconstruct:smeltery/scorched/scorched_bricks_stonecutting[minecraft:stonecutting]'! Falling back to vanilla: Ingredient 'ingredient' can't be empty!
[17:08:03] [WARN] Failed to parse recipe 'tconstruct:smeltery/seared/seared_triangle_bricks_stonecutting[minecraft:stonecutting]'! Falling back to vanilla: Ingredient 'ingredient' can't be empty!
[17:08:03] [WARN] Failed to parse recipe 'tconstruct:smeltery/scorched/chiseled_scorched_bricks_stonecutting[minecraft:stonecutting]'! Falling back to vanilla: Ingredient 'ingredient' can't be empty!
[17:08:03] [WARN] Failed to parse recipe 'ironchests:netherite_chest[minecraft:smithing_transform]'! Falling back to vanilla: Ingredient 'base' can't be empty!
[17:08:03] [INFO] Found 32735 recipes in 460.7 ms
[17:08:03] [ERROR] ! earlygame/vanilla/early_game.js#17: Error occurred while handling event 'ServerEvents.recipes': TypeError: Cannot call method "item_application" of undefined
[17:08:03] [INFO] Posted recipe events in 32.55 ms
[17:08:03] [WARN] Error parsing recipe megacells:cells/mega_mana_cell_housing[botania:terra_plate]: {"type":"botania:terra_plate","ingredients":[{"item":"appbot:mana_cell_housing"},{"item":"botania:mana_pearl"},{"item":"botania:mana_diamond"},{"item":"ae2:sky_dust"},{"item":"ae2:quartz_vibrant_glass"}],"mana":2000000,"result":{"item":"megacells:mega_mana_cell_housing"}}: com.google.gson.JsonSyntaxException: Unknown item 'appbot:mana_cell_housing'
[17:08:03] [INFO] Added 34 recipes, removed 301 recipes, modified 6 recipes, with 1 failed recipes in 100.9 ms
